

Started GET "/drafts/39" for 127.0.0.1 at 2014-09-26 19:56:24 -0500

ActiveRecord::PendingMigrationError (

Migrations are pending. To resolve this issue, run:

	bin/rake db:migrate RAILS_ENV=development

):
  activerecord (4.1.1) lib/active_record/migration.rb:389:in `check_pending!'
  activerecord (4.1.1) lib/active_record/migration.rb:377:in `call'
  actionpack (4.1.1) lib/action_dispatch/middleware/callbacks.rb:29:in `block in call'
  activesupport (4.1.1) lib/active_support/callbacks.rb:82:in `run_callbacks'
  actionpack (4.1.1) lib/action_dispatch/middleware/callbacks.rb:27:in `call'
  actionpack (4.1.1) lib/action_dispatch/middleware/reloader.rb:73:in `call'
  actionpack (4.1.1) lib/action_dispatch/middleware/remote_ip.rb:76:in `call'
  actionpack (4.1.1) lib/action_dispatch/middleware/debug_exceptions.rb:17:in `call'
  actionpack (4.1.1) lib/action_dispatch/middleware/show_exceptions.rb:30:in `call'
  railties (4.1.1) lib/rails/rack/logger.rb:38:in `call_app'
  railties (4.1.1) lib/rails/rack/logger.rb:20:in `block in call'
  activesupport (4.1.1) lib/active_support/tagged_logging.rb:68:in `block in tagged'
  activesupport (4.1.1) lib/active_support/tagged_logging.rb:26:in `tagged'
  activesupport (4.1.1) lib/active_support/tagged_logging.rb:68:in `tagged'
  railties (4.1.1) lib/rails/rack/logger.rb:20:in `call'
  actionpack (4.1.1) lib/action_dispatch/middleware/request_id.rb:21:in `call'
  rack (1.5.2) lib/rack/methodoverride.rb:21:in `call'
  rack (1.5.2) lib/rack/runtime.rb:17:in `call'
  activesupport (4.1.1) lib/active_support/cache/strategy/local_cache_middleware.rb:26:in `call'
  rack (1.5.2) lib/rack/lock.rb:17:in `call'
  actionpack (4.1.1) lib/action_dispatch/middleware/static.rb:64:in `call'
  rack (1.5.2) lib/rack/sendfile.rb:112:in `call'
  railties (4.1.1) lib/rails/engine.rb:514:in `call'
  railties (4.1.1) lib/rails/application.rb:144:in `call'
  rack (1.5.2) lib/rack/lock.rb:17:in `call'
  rack (1.5.2) lib/rack/content_length.rb:14:in `call'
  rack (1.5.2) lib/rack/handler/webrick.rb:60:in `service'
  /Users/jeffreygoodall/.rvm/rubies/ruby-2.1.2/lib/ruby/2.1.0/webrick/httpserver.rb:138:in `service'
  /Users/jeffreygoodall/.rvm/rubies/ruby-2.1.2/lib/ruby/2.1.0/webrick/httpserver.rb:94:in `run'
  /Users/jeffreygoodall/.rvm/rubies/ruby-2.1.2/lib/ruby/2.1.0/webrick/server.rb:295:in `block in start_thread'


  Rendered /Users/jeffreygoodall/.rvm/gems/ruby-2.1.2/gems/actionpack-4.1.1/lib/action_dispatch/middleware/templates/rescues/_source.erb (0.4ms)
  Rendered /Users/jeffreygoodall/.rvm/gems/ruby-2.1.2/gems/actionpack-4.1.1/lib/action_dispatch/middleware/templates/rescues/_trace.html.erb (0.8ms)
  Rendered /Users/jeffreygoodall/.rvm/gems/ruby-2.1.2/gems/actionpack-4.1.1/lib/action_dispatch/middleware/templates/rescues/_request_and_response.html.erb (0.7ms)
  Rendered /Users/jeffreygoodall/.rvm/gems/ruby-2.1.2/gems/actionpack-4.1.1/lib/action_dispatch/middleware/templates/rescues/diagnostics.erb within rescues/layout (15.8ms)
  [1m[36m (9.4ms)[0m  [1mCREATE TABLE "schema_migrations" ("version" varchar(255) NOT NULL) [0m
  [1m[35m (0.4ms)[0m  select sqlite_version(*)
  [1m[36m (1.1ms)[0m  [1mCREATE UNIQUE INDEX "unique_schema_migrations" ON "schema_migrations" ("version")[0m
  [1m[35mActiveRecord::SchemaMigration Load (0.1ms)[0m  SELECT "schema_migrations".* FROM "schema_migrations"
Migrating to CreateDrafts (20140629191751)
  [1m[36m (0.1ms)[0m  [1mbegin transaction[0m
  [1m[35m (0.4ms)[0m  CREATE TABLE "drafts" ("id" INTEGER PRIMARY KEY AUTOINCREMENT NOT NULL, "created_at" datetime, "updated_at" datetime) 
  [1m[36mSQL (0.1ms)[0m  [1mINSERT INTO "schema_migrations" ("version") VALUES (?)[0m  [["version", "20140629191751"]]
  [1m[35m (0.8ms)[0m  commit transaction
Migrating to CreateChampions (20140629192846)
  [1m[36m (0.1ms)[0m  [1mbegin transaction[0m
  [1m[35m (0.3ms)[0m  CREATE TABLE "champions" ("id" INTEGER PRIMARY KEY AUTOINCREMENT NOT NULL, "name" varchar(255), "win_rate" float, "drafts_id" integer, "status" varchar(255), "created_at" datetime, "updated_at" datetime) 
  [1m[36mSQL (0.1ms)[0m  [1mINSERT INTO "schema_migrations" ("version") VALUES (?)[0m  [["version", "20140629192846"]]
  [1m[35m (0.7ms)[0m  commit transaction
Migrating to AddDraftIdToDraft (20140802022230)
  [1m[36m (0.1ms)[0m  [1mbegin transaction[0m
  [1m[35m (0.4ms)[0m  ALTER TABLE "drafts" ADD "draft_id" integer
  [1m[36m (0.1ms)[0m  [1mCREATE  INDEX "index_drafts_on_draft_id" ON "drafts" ("draft_id")[0m
  [1m[35mSQL (0.1ms)[0m  INSERT INTO "schema_migrations" ("version") VALUES (?)  [["version", "20140802022230"]]
  [1m[36m (0.8ms)[0m  [1mcommit transaction[0m
Migrating to RemoveDraftsFromChampions (20140802024458)
  [1m[35m (0.1ms)[0m  begin transaction
  [1m[36m (0.9ms)[0m  [1mCREATE TEMPORARY TABLE "achampions" ("id" INTEGER PRIMARY KEY AUTOINCREMENT NOT NULL, "name" varchar(255), "win_rate" float, "drafts_id" integer, "status" varchar(255), "created_at" datetime, "updated_at" datetime) [0m
  [1m[35m (0.1ms)[0m  SELECT * FROM "champions"
  [1m[36m (0.2ms)[0m  [1mDROP TABLE "champions"[0m
  [1m[35m (0.1ms)[0m  CREATE TABLE "champions" ("id" INTEGER PRIMARY KEY AUTOINCREMENT NOT NULL, "name" varchar(255), "win_rate" float, "status" varchar(255), "created_at" datetime, "updated_at" datetime) 
  [1m[36m (0.0ms)[0m  [1mSELECT * FROM "achampions"[0m
  [1m[35m (0.2ms)[0m  DROP TABLE "achampions"
  [1m[36mSQL (0.1ms)[0m  [1mINSERT INTO "schema_migrations" ("version") VALUES (?)[0m  [["version", "20140802024458"]]
  [1m[35m (1.1ms)[0m  commit transaction
Migrating to AddDraftIdToDrafts (20140802032038)
  [1m[36m (0.1ms)[0m  [1mbegin transaction[0m
  [1m[35m (0.3ms)[0m  ALTER TABLE "drafts" ADD "draft_id" integer
SQLite3::SQLException: duplicate column name: draft_id: ALTER TABLE "drafts" ADD "draft_id" integer
  [1m[36m (0.1ms)[0m  [1mrollback transaction[0m
  [1m[36mActiveRecord::SchemaMigration Load (0.1ms)[0m  [1mSELECT "schema_migrations".* FROM "schema_migrations"[0m
Migrating to AddDraftIdToDrafts (20140802032038)
  [1m[35m (0.1ms)[0m  begin transaction
  [1m[36m (0.2ms)[0m  [1mALTER TABLE "drafts" ADD "draft_id" integer[0m
SQLite3::SQLException: duplicate column name: draft_id: ALTER TABLE "drafts" ADD "draft_id" integer
  [1m[35m (0.0ms)[0m  rollback transaction


Started GET "/" for 127.0.0.1 at 2014-10-11 18:00:14 -0500
  [1m[36mActiveRecord::SchemaMigration Load (0.4ms)[0m  [1mSELECT "schema_migrations".* FROM "schema_migrations"[0m

ActiveRecord::PendingMigrationError (

Migrations are pending. To resolve this issue, run:

	bin/rake db:migrate RAILS_ENV=development

):
  activerecord (4.1.1) lib/active_record/migration.rb:389:in `check_pending!'
  activerecord (4.1.1) lib/active_record/migration.rb:377:in `call'
  actionpack (4.1.1) lib/action_dispatch/middleware/callbacks.rb:29:in `block in call'
  activesupport (4.1.1) lib/active_support/callbacks.rb:82:in `run_callbacks'
  actionpack (4.1.1) lib/action_dispatch/middleware/callbacks.rb:27:in `call'
  actionpack (4.1.1) lib/action_dispatch/middleware/reloader.rb:73:in `call'
  actionpack (4.1.1) lib/action_dispatch/middleware/remote_ip.rb:76:in `call'
  actionpack (4.1.1) lib/action_dispatch/middleware/debug_exceptions.rb:17:in `call'
  actionpack (4.1.1) lib/action_dispatch/middleware/show_exceptions.rb:30:in `call'
  railties (4.1.1) lib/rails/rack/logger.rb:38:in `call_app'
  railties (4.1.1) lib/rails/rack/logger.rb:20:in `block in call'
  activesupport (4.1.1) lib/active_support/tagged_logging.rb:68:in `block in tagged'
  activesupport (4.1.1) lib/active_support/tagged_logging.rb:26:in `tagged'
  activesupport (4.1.1) lib/active_support/tagged_logging.rb:68:in `tagged'
  railties (4.1.1) lib/rails/rack/logger.rb:20:in `call'
  actionpack (4.1.1) lib/action_dispatch/middleware/request_id.rb:21:in `call'
  rack (1.5.2) lib/rack/methodoverride.rb:21:in `call'
  rack (1.5.2) lib/rack/runtime.rb:17:in `call'
  activesupport (4.1.1) lib/active_support/cache/strategy/local_cache_middleware.rb:26:in `call'
  rack (1.5.2) lib/rack/lock.rb:17:in `call'
  actionpack (4.1.1) lib/action_dispatch/middleware/static.rb:64:in `call'
  rack (1.5.2) lib/rack/sendfile.rb:112:in `call'
  railties (4.1.1) lib/rails/engine.rb:514:in `call'
  railties (4.1.1) lib/rails/application.rb:144:in `call'
  rack (1.5.2) lib/rack/lock.rb:17:in `call'
  rack (1.5.2) lib/rack/content_length.rb:14:in `call'
  rack (1.5.2) lib/rack/handler/webrick.rb:60:in `service'
  /Users/jeffreygoodall/.rvm/rubies/ruby-2.1.3/lib/ruby/2.1.0/webrick/httpserver.rb:138:in `service'
  /Users/jeffreygoodall/.rvm/rubies/ruby-2.1.3/lib/ruby/2.1.0/webrick/httpserver.rb:94:in `run'
  /Users/jeffreygoodall/.rvm/rubies/ruby-2.1.3/lib/ruby/2.1.0/webrick/server.rb:295:in `block in start_thread'


  Rendered /Users/jeffreygoodall/.rvm/gems/ruby-2.1.3/gems/actionpack-4.1.1/lib/action_dispatch/middleware/templates/rescues/_source.erb (1.1ms)
  Rendered /Users/jeffreygoodall/.rvm/gems/ruby-2.1.3/gems/actionpack-4.1.1/lib/action_dispatch/middleware/templates/rescues/_trace.html.erb (1.2ms)
  Rendered /Users/jeffreygoodall/.rvm/gems/ruby-2.1.3/gems/actionpack-4.1.1/lib/action_dispatch/middleware/templates/rescues/_request_and_response.html.erb (1.7ms)
  Rendered /Users/jeffreygoodall/.rvm/gems/ruby-2.1.3/gems/actionpack-4.1.1/lib/action_dispatch/middleware/templates/rescues/diagnostics.erb within rescues/layout (26.2ms)


Started GET "/" for 127.0.0.1 at 2014-10-11 18:00:14 -0500
  [1m[35mActiveRecord::SchemaMigration Load (0.1ms)[0m  SELECT "schema_migrations".* FROM "schema_migrations"

ActiveRecord::PendingMigrationError (

Migrations are pending. To resolve this issue, run:

	bin/rake db:migrate RAILS_ENV=development

):
  activerecord (4.1.1) lib/active_record/migration.rb:389:in `check_pending!'
  activerecord (4.1.1) lib/active_record/migration.rb:377:in `call'
  actionpack (4.1.1) lib/action_dispatch/middleware/callbacks.rb:29:in `block in call'
  activesupport (4.1.1) lib/active_support/callbacks.rb:82:in `run_callbacks'
  actionpack (4.1.1) lib/action_dispatch/middleware/callbacks.rb:27:in `call'
  actionpack (4.1.1) lib/action_dispatch/middleware/reloader.rb:73:in `call'
  actionpack (4.1.1) lib/action_dispatch/middleware/remote_ip.rb:76:in `call'
  actionpack (4.1.1) lib/action_dispatch/middleware/debug_exceptions.rb:17:in `call'
  actionpack (4.1.1) lib/action_dispatch/middleware/show_exceptions.rb:30:in `call'
  railties (4.1.1) lib/rails/rack/logger.rb:38:in `call_app'
  railties (4.1.1) lib/rails/rack/logger.rb:20:in `block in call'
  activesupport (4.1.1) lib/active_support/tagged_logging.rb:68:in `block in tagged'
  activesupport (4.1.1) lib/active_support/tagged_logging.rb:26:in `tagged'
  activesupport (4.1.1) lib/active_support/tagged_logging.rb:68:in `tagged'
  railties (4.1.1) lib/rails/rack/logger.rb:20:in `call'
  actionpack (4.1.1) lib/action_dispatch/middleware/request_id.rb:21:in `call'
  rack (1.5.2) lib/rack/methodoverride.rb:21:in `call'
  rack (1.5.2) lib/rack/runtime.rb:17:in `call'
  activesupport (4.1.1) lib/active_support/cache/strategy/local_cache_middleware.rb:26:in `call'
  rack (1.5.2) lib/rack/lock.rb:17:in `call'
  actionpack (4.1.1) lib/action_dispatch/middleware/static.rb:64:in `call'
  rack (1.5.2) lib/rack/sendfile.rb:112:in `call'
  railties (4.1.1) lib/rails/engine.rb:514:in `call'
  railties (4.1.1) lib/rails/application.rb:144:in `call'
  rack (1.5.2) lib/rack/lock.rb:17:in `call'
  rack (1.5.2) lib/rack/content_length.rb:14:in `call'
  rack (1.5.2) lib/rack/handler/webrick.rb:60:in `service'
  /Users/jeffreygoodall/.rvm/rubies/ruby-2.1.3/lib/ruby/2.1.0/webrick/httpserver.rb:138:in `service'
  /Users/jeffreygoodall/.rvm/rubies/ruby-2.1.3/lib/ruby/2.1.0/webrick/httpserver.rb:94:in `run'
  /Users/jeffreygoodall/.rvm/rubies/ruby-2.1.3/lib/ruby/2.1.0/webrick/server.rb:295:in `block in start_thread'


  Rendered /Users/jeffreygoodall/.rvm/gems/ruby-2.1.3/gems/actionpack-4.1.1/lib/action_dispatch/middleware/templates/rescues/_source.erb (0.5ms)
  Rendered /Users/jeffreygoodall/.rvm/gems/ruby-2.1.3/gems/actionpack-4.1.1/lib/action_dispatch/middleware/templates/rescues/_trace.html.erb (1.3ms)
  Rendered /Users/jeffreygoodall/.rvm/gems/ruby-2.1.3/gems/actionpack-4.1.1/lib/action_dispatch/middleware/templates/rescues/_request_and_response.html.erb (0.7ms)
  Rendered /Users/jeffreygoodall/.rvm/gems/ruby-2.1.3/gems/actionpack-4.1.1/lib/action_dispatch/middleware/templates/rescues/diagnostics.erb within rescues/layout (15.0ms)
  [1m[36mActiveRecord::SchemaMigration Load (0.1ms)[0m  [1mSELECT "schema_migrations".* FROM "schema_migrations"[0m
Migrating to AddDraftIdToDrafts (20140802032038)
  [1m[35m (0.1ms)[0m  begin transaction
  [1m[36m (0.2ms)[0m  [1mALTER TABLE "drafts" ADD "draft_id" integer[0m
SQLite3::SQLException: duplicate column name: draft_id: ALTER TABLE "drafts" ADD "draft_id" integer
  [1m[35m (0.1ms)[0m  rollback transaction
  [1m[36mActiveRecord::SchemaMigration Load (0.1ms)[0m  [1mSELECT "schema_migrations".* FROM "schema_migrations"[0m
Migrating to AddDraftIdToDrafts (20140802032038)
  [1m[35m (0.1ms)[0m  begin transaction
  [1m[36m (0.1ms)[0m  [1mALTER TABLE "drafts" ADD "draft_id" integer[0m
SQLite3::SQLException: duplicate column name: draft_id: ALTER TABLE "drafts" ADD "draft_id" integer
  [1m[35m (0.0ms)[0m  rollback transaction
  [1m[36m (9.3ms)[0m  [1mCREATE TABLE "schema_migrations" ("version" varchar(255) NOT NULL) [0m
  [1m[35m (0.1ms)[0m  select sqlite_version(*)
  [1m[36m (1.0ms)[0m  [1mCREATE UNIQUE INDEX "unique_schema_migrations" ON "schema_migrations" ("version")[0m
  [1m[35mActiveRecord::SchemaMigration Load (0.1ms)[0m  SELECT "schema_migrations".* FROM "schema_migrations"
  [1m[36mActiveRecord::SchemaMigration Load (0.1ms)[0m  [1mSELECT "schema_migrations".* FROM "schema_migrations"[0m
Migrating to CreateDrafts (20141011231532)
  [1m[35m (0.1ms)[0m  begin transaction
  [1m[36m (0.4ms)[0m  [1mCREATE TABLE "drafts" ("id" INTEGER PRIMARY KEY AUTOINCREMENT NOT NULL) [0m
  [1m[35mSQL (0.1ms)[0m  INSERT INTO "schema_migrations" ("version") VALUES (?)  [["version", "20141011231532"]]
  [1m[36m (8.9ms)[0m  [1mcommit transaction[0m
  [1m[35mActiveRecord::SchemaMigration Load (0.1ms)[0m  SELECT "schema_migrations".* FROM "schema_migrations"
  [1m[36mActiveRecord::SchemaMigration Load (0.1ms)[0m  [1mSELECT "schema_migrations".* FROM "schema_migrations"[0m
Migrating to CreateChampions (20141011231755)
  [1m[35m (0.1ms)[0m  begin transaction
  [1m[36m (0.4ms)[0m  [1mCREATE TABLE "champions" ("id" INTEGER PRIMARY KEY AUTOINCREMENT NOT NULL, "name" varchar(255), "win_rate" float) [0m
  [1m[35mSQL (0.2ms)[0m  INSERT INTO "schema_migrations" ("version") VALUES (?)  [["version", "20141011231755"]]
  [1m[36m (9.1ms)[0m  [1mcommit transaction[0m
  [1m[35mActiveRecord::SchemaMigration Load (0.1ms)[0m  SELECT "schema_migrations".* FROM "schema_migrations"
  [1m[36mActiveRecord::SchemaMigration Load (0.1ms)[0m  [1mSELECT "schema_migrations".* FROM "schema_migrations"[0m
Migrating to CreateChampionsDrafts (20141011232049)
  [1m[35m (0.1ms)[0m  begin transaction
  [1m[36m (0.4ms)[0m  [1mCREATE TABLE "champions_drafts" ("id" INTEGER PRIMARY KEY AUTOINCREMENT NOT NULL, "draft_id" integer, "champion_id" integer) [0m
  [1m[35mSQL (0.1ms)[0m  INSERT INTO "schema_migrations" ("version") VALUES (?)  [["version", "20141011232049"]]
  [1m[36m (8.9ms)[0m  [1mcommit transaction[0m
  [1m[35mActiveRecord::SchemaMigration Load (0.1ms)[0m  SELECT "schema_migrations".* FROM "schema_migrations"
  [1m[36mActiveRecord::SchemaMigration Load (0.1ms)[0m  [1mSELECT "schema_migrations".* FROM "schema_migrations"[0m
Migrating to CreateTeams (20141011232236)
  [1m[35m (0.1ms)[0m  begin transaction
  [1m[36m (0.6ms)[0m  [1mCREATE TABLE "teams" ("id" INTEGER PRIMARY KEY AUTOINCREMENT NOT NULL, "draft_id" integer) [0m
  [1m[35mSQL (0.1ms)[0m  INSERT INTO "schema_migrations" ("version") VALUES (?)  [["version", "20141011232236"]]
  [1m[36m (9.0ms)[0m  [1mcommit transaction[0m
  [1m[35mActiveRecord::SchemaMigration Load (0.1ms)[0m  SELECT "schema_migrations".* FROM "schema_migrations"
  [1m[36mActiveRecord::SchemaMigration Load (0.1ms)[0m  [1mSELECT "schema_migrations".* FROM "schema_migrations"[0m
Migrating to CreateChampionSelections (20141011232458)
  [1m[35m (0.1ms)[0m  begin transaction
  [1m[36m (0.4ms)[0m  [1mCREATE TABLE "champion_selections" ("id" INTEGER PRIMARY KEY AUTOINCREMENT NOT NULL, "team_id" integer, "champion_id" integer, "picked" boolean) [0m
  [1m[35mSQL (0.2ms)[0m  INSERT INTO "schema_migrations" ("version") VALUES (?)  [["version", "20141011232458"]]
  [1m[36m (9.0ms)[0m  [1mcommit transaction[0m
  [1m[35mActiveRecord::SchemaMigration Load (0.1ms)[0m  SELECT "schema_migrations".* FROM "schema_migrations"


Started GET "/" for 127.0.0.1 at 2014-10-11 18:26:12 -0500
  [1m[36mActiveRecord::SchemaMigration Load (0.1ms)[0m  [1mSELECT "schema_migrations".* FROM "schema_migrations"[0m
Processing by HomeController#index as HTML
  Rendered home/index.html.erb within layouts/application (1.0ms)
Completed 200 OK in 946ms (Views: 937.1ms | ActiveRecord: 0.0ms)


Started GET "/" for 127.0.0.1 at 2014-10-11 18:26:13 -0500
Processing by HomeController#index as HTML
  Rendered home/index.html.erb within layouts/application (0.0ms)
Completed 200 OK in 5ms (Views: 4.9ms | ActiveRecord: 0.0ms)


Started GET "/assets/champions.css?body=1" for 127.0.0.1 at 2014-10-11 18:26:13 -0500


Started GET "/assets/application.css?body=1" for 127.0.0.1 at 2014-10-11 18:26:13 -0500


Started GET "/assets/home.css?body=1" for 127.0.0.1 at 2014-10-11 18:26:13 -0500


Started GET "/assets/jquery_ujs.js?body=1" for 127.0.0.1 at 2014-10-11 18:26:13 -0500


Started GET "/assets/drafts.css?body=1" for 127.0.0.1 at 2014-10-11 18:26:13 -0500


Started GET "/assets/scaffolds.css?body=1" for 127.0.0.1 at 2014-10-11 18:26:13 -0500


Started GET "/assets/jquery.js?body=1" for 127.0.0.1 at 2014-10-11 18:26:13 -0500


Started GET "/assets/turbolinks.js?body=1" for 127.0.0.1 at 2014-10-11 18:26:13 -0500


Started GET "/assets/champions.js?body=1" for 127.0.0.1 at 2014-10-11 18:26:13 -0500


Started GET "/assets/home.js?body=1" for 127.0.0.1 at 2014-10-11 18:26:13 -0500


Started GET "/assets/drafts.js?body=1" for 127.0.0.1 at 2014-10-11 18:26:13 -0500


Started GET "/assets/application.js?body=1" for 127.0.0.1 at 2014-10-11 18:26:13 -0500


Started GET "/drafts/new" for 127.0.0.1 at 2014-10-11 18:26:14 -0500
Processing by DraftsController#new as HTML
  [1m[35mDraft Load (0.2ms)[0m  SELECT "drafts".* FROM "drafts"
  [1m[36mTeam Load (0.1ms)[0m  [1mSELECT "teams".* FROM "teams"[0m
  [1m[35mChampion Load (0.1ms)[0m  SELECT "champions".* FROM "champions"
  [1m[36m (0.1ms)[0m  [1mbegin transaction[0m
  [1m[35mSQL (0.3ms)[0m  INSERT INTO "drafts" DEFAULT VALUES
  [1m[36mSQL (0.1ms)[0m  [1mINSERT INTO "teams" ("draft_id") VALUES (?)[0m  [["draft_id", 1]]
  [1m[35mSQL (0.0ms)[0m  INSERT INTO "teams" ("draft_id") VALUES (?)  [["draft_id", 1]]
  [1m[36m (9.1ms)[0m  [1mcommit transaction[0m
Redirected to http://localhost:3000/drafts/1
Completed 302 Found in 83ms (ActiveRecord: 10.6ms)


Started GET "/drafts/1" for 127.0.0.1 at 2014-10-11 18:26:14 -0500
Processing by DraftsController#show as HTML
  Parameters: {"id"=>"1"}
  [1m[35mDraft Load (0.2ms)[0m  SELECT  "drafts".* FROM "drafts"  WHERE "drafts"."id" = ? LIMIT 1  [["id", 1]]
  [1m[36mTeam Load (0.1ms)[0m  [1mSELECT  "teams".* FROM "teams"  WHERE "teams"."draft_id" = ?  ORDER BY "teams"."id" ASC LIMIT 1[0m  [["draft_id", 1]]
  [1m[35mCACHE (0.0ms)[0m  SELECT  "teams".* FROM "teams"  WHERE "teams"."draft_id" = ?  ORDER BY "teams"."id" ASC LIMIT 1  [["draft_id", 1]]
  [1m[36mChampion Load (0.2ms)[0m  [1mSELECT "champions".* FROM "champions" INNER JOIN "champion_selections" ON "champions"."id" = "champion_selections"."champion_id" WHERE "champion_selections"."team_id" = ? AND "champion_selections"."picked" = 'f'[0m  [["team_id", 1]]
  [1m[35mChampion Load (0.1ms)[0m  SELECT "champions".* FROM "champions" INNER JOIN "champion_selections" ON "champions"."id" = "champion_selections"."champion_id" WHERE "champion_selections"."team_id" = ? AND "champion_selections"."picked" = 't'  [["team_id", 1]]
  Rendered teams/_team.html.erb (11.3ms)
  [1m[36mTeam Load (0.1ms)[0m  [1mSELECT  "teams".* FROM "teams"  WHERE "teams"."draft_id" = ?  ORDER BY "teams"."id" DESC LIMIT 1[0m  [["draft_id", 1]]
  [1m[35mCACHE (0.0ms)[0m  SELECT  "teams".* FROM "teams"  WHERE "teams"."draft_id" = ?  ORDER BY "teams"."id" DESC LIMIT 1  [["draft_id", 1]]
  [1m[36mChampion Load (0.1ms)[0m  [1mSELECT "champions".* FROM "champions" INNER JOIN "champion_selections" ON "champions"."id" = "champion_selections"."champion_id" WHERE "champion_selections"."team_id" = ? AND "champion_selections"."picked" = 'f'[0m  [["team_id", 2]]
  [1m[35mChampion Load (0.0ms)[0m  SELECT "champions".* FROM "champions" INNER JOIN "champion_selections" ON "champions"."id" = "champion_selections"."champion_id" WHERE "champion_selections"."team_id" = ? AND "champion_selections"."picked" = 't'  [["team_id", 2]]
  Rendered teams/_team.html.erb (1.5ms)
  [1m[36mCACHE (0.0ms)[0m  [1mSELECT  "teams".* FROM "teams"  WHERE "teams"."draft_id" = ?  ORDER BY "teams"."id" ASC LIMIT 1[0m  [["draft_id", 1]]
  [1m[35mTeam Load (0.1ms)[0m  SELECT "teams".* FROM "teams"  WHERE "teams"."draft_id" = ?  [["draft_id", 1]]
  [1m[36mChampion Load (0.1ms)[0m  [1mSELECT "champions".* FROM "champions" INNER JOIN "champion_selections" ON "champions"."id" = "champion_selections"."champion_id" WHERE "champion_selections"."team_id" = ?[0m  [["team_id", 1]]
  [1m[35mCACHE (0.0ms)[0m  SELECT "champions".* FROM "champions" INNER JOIN "champion_selections" ON "champions"."id" = "champion_selections"."champion_id" WHERE "champion_selections"."team_id" = ?  [["team_id", 1]]
  [1m[36mChampion Load (0.1ms)[0m  [1mSELECT "champions".* FROM "champions" INNER JOIN "champion_selections" ON "champions"."id" = "champion_selections"."champion_id" WHERE "champion_selections"."team_id" = ?[0m  [["team_id", 2]]
  [1m[35mChampion Load (0.2ms)[0m  SELECT "champions".* FROM "champions" INNER JOIN "champions_drafts" ON "champions"."id" = "champions_drafts"."champion_id" WHERE "champions_drafts"."draft_id" = ?  [["draft_id", 1]]
  Rendered drafts/show.html.erb within layouts/application (23.6ms)
Completed 200 OK in 38ms (Views: 30.6ms | ActiveRecord: 1.8ms)
  [1m[36mChampion Load (0.1ms)[0m  [1mSELECT  "champions".* FROM "champions"  WHERE "champions"."name" = 'Bob1' LIMIT 1[0m
  [1m[35m (0.1ms)[0m  begin transaction
  [1m[36mSQL (0.4ms)[0m  [1mINSERT INTO "champions" ("name") VALUES (?)[0m  [["name", "Bob1"]]
  [1m[35m (9.1ms)[0m  commit transaction
  [1m[36mChampion Load (0.2ms)[0m  [1mSELECT  "champions".* FROM "champions"  WHERE "champions"."name" = 'Bob2' LIMIT 1[0m
  [1m[35m (0.1ms)[0m  begin transaction
  [1m[36mSQL (0.3ms)[0m  [1mINSERT INTO "champions" ("name") VALUES (?)[0m  [["name", "Bob2"]]
  [1m[35m (0.7ms)[0m  commit transaction
  [1m[36mChampion Load (0.1ms)[0m  [1mSELECT  "champions".* FROM "champions"  WHERE "champions"."name" = 'Bob3' LIMIT 1[0m
  [1m[35m (0.0ms)[0m  begin transaction
  [1m[36mSQL (0.2ms)[0m  [1mINSERT INTO "champions" ("name") VALUES (?)[0m  [["name", "Bob3"]]
  [1m[35m (0.7ms)[0m  commit transaction
  [1m[36mChampion Load (0.1ms)[0m  [1mSELECT  "champions".* FROM "champions"  WHERE "champions"."name" = 'Bob4' LIMIT 1[0m
  [1m[35m (0.0ms)[0m  begin transaction
  [1m[36mSQL (0.2ms)[0m  [1mINSERT INTO "champions" ("name") VALUES (?)[0m  [["name", "Bob4"]]
  [1m[35m (0.7ms)[0m  commit transaction
  [1m[36mChampion Load (0.1ms)[0m  [1mSELECT  "champions".* FROM "champions"  WHERE "champions"."name" = 'Bob5' LIMIT 1[0m
  [1m[35m (0.0ms)[0m  begin transaction
  [1m[36mSQL (0.2ms)[0m  [1mINSERT INTO "champions" ("name") VALUES (?)[0m  [["name", "Bob5"]]
  [1m[35m (0.7ms)[0m  commit transaction
  [1m[36mChampion Load (0.2ms)[0m  [1mSELECT  "champions".* FROM "champions"  WHERE "champions"."name" = 'Bob6' LIMIT 1[0m
  [1m[35m (0.1ms)[0m  begin transaction
  [1m[36mSQL (0.2ms)[0m  [1mINSERT INTO "champions" ("name") VALUES (?)[0m  [["name", "Bob6"]]
  [1m[35m (0.7ms)[0m  commit transaction
  [1m[36mChampion Load (0.2ms)[0m  [1mSELECT  "champions".* FROM "champions"  WHERE "champions"."name" = 'Bob7' LIMIT 1[0m
  [1m[35m (0.0ms)[0m  begin transaction
  [1m[36mSQL (0.3ms)[0m  [1mINSERT INTO "champions" ("name") VALUES (?)[0m  [["name", "Bob7"]]
  [1m[35m (0.8ms)[0m  commit transaction
  [1m[36mChampion Load (0.2ms)[0m  [1mSELECT  "champions".* FROM "champions"  WHERE "champions"."name" = 'Bob8' LIMIT 1[0m
  [1m[35m (0.1ms)[0m  begin transaction
  [1m[36mSQL (0.2ms)[0m  [1mINSERT INTO "champions" ("name") VALUES (?)[0m  [["name", "Bob8"]]
  [1m[35m (0.8ms)[0m  commit transaction
  [1m[36mChampion Load (0.1ms)[0m  [1mSELECT  "champions".* FROM "champions"  WHERE "champions"."name" = 'Bob9' LIMIT 1[0m
  [1m[35m (0.0ms)[0m  begin transaction
  [1m[36mSQL (0.2ms)[0m  [1mINSERT INTO "champions" ("name") VALUES (?)[0m  [["name", "Bob9"]]
  [1m[35m (0.7ms)[0m  commit transaction
  [1m[36mChampion Load (0.1ms)[0m  [1mSELECT  "champions".* FROM "champions"  WHERE "champions"."name" = 'Bob10' LIMIT 1[0m
  [1m[35m (0.0ms)[0m  begin transaction
  [1m[36mSQL (0.2ms)[0m  [1mINSERT INTO "champions" ("name") VALUES (?)[0m  [["name", "Bob10"]]
  [1m[35m (0.6ms)[0m  commit transaction
  [1m[36mChampion Load (0.1ms)[0m  [1mSELECT  "champions".* FROM "champions"  WHERE "champions"."name" = 'Bob11' LIMIT 1[0m
  [1m[35m (0.0ms)[0m  begin transaction
  [1m[36mSQL (0.2ms)[0m  [1mINSERT INTO "champions" ("name") VALUES (?)[0m  [["name", "Bob11"]]
  [1m[35m (0.7ms)[0m  commit transaction


Started GET "/drafts/1" for 127.0.0.1 at 2014-10-11 18:29:07 -0500
  [1m[36mActiveRecord::SchemaMigration Load (0.1ms)[0m  [1mSELECT "schema_migrations".* FROM "schema_migrations"[0m
Processing by DraftsController#show as HTML
  Parameters: {"id"=>"1"}
  [1m[35mDraft Load (0.2ms)[0m  SELECT  "drafts".* FROM "drafts"  WHERE "drafts"."id" = ? LIMIT 1  [["id", 1]]
  [1m[36mTeam Load (0.1ms)[0m  [1mSELECT  "teams".* FROM "teams"  WHERE "teams"."draft_id" = ?  ORDER BY "teams"."id" ASC LIMIT 1[0m  [["draft_id", 1]]
  [1m[35mCACHE (0.0ms)[0m  SELECT  "teams".* FROM "teams"  WHERE "teams"."draft_id" = ?  ORDER BY "teams"."id" ASC LIMIT 1  [["draft_id", 1]]
  [1m[36mChampion Load (0.1ms)[0m  [1mSELECT "champions".* FROM "champions" INNER JOIN "champion_selections" ON "champions"."id" = "champion_selections"."champion_id" WHERE "champion_selections"."team_id" = ? AND "champion_selections"."picked" = 'f'[0m  [["team_id", 1]]
  [1m[35mChampion Load (0.2ms)[0m  SELECT "champions".* FROM "champions" INNER JOIN "champion_selections" ON "champions"."id" = "champion_selections"."champion_id" WHERE "champion_selections"."team_id" = ? AND "champion_selections"."picked" = 't'  [["team_id", 1]]
  Rendered teams/_team.html.erb (13.1ms)
  [1m[36mTeam Load (0.1ms)[0m  [1mSELECT  "teams".* FROM "teams"  WHERE "teams"."draft_id" = ?  ORDER BY "teams"."id" DESC LIMIT 1[0m  [["draft_id", 1]]
  [1m[35mCACHE (0.0ms)[0m  SELECT  "teams".* FROM "teams"  WHERE "teams"."draft_id" = ?  ORDER BY "teams"."id" DESC LIMIT 1  [["draft_id", 1]]
  [1m[36mChampion Load (0.1ms)[0m  [1mSELECT "champions".* FROM "champions" INNER JOIN "champion_selections" ON "champions"."id" = "champion_selections"."champion_id" WHERE "champion_selections"."team_id" = ? AND "champion_selections"."picked" = 'f'[0m  [["team_id", 2]]
  [1m[35mChampion Load (0.1ms)[0m  SELECT "champions".* FROM "champions" INNER JOIN "champion_selections" ON "champions"."id" = "champion_selections"."champion_id" WHERE "champion_selections"."team_id" = ? AND "champion_selections"."picked" = 't'  [["team_id", 2]]
  Rendered teams/_team.html.erb (2.1ms)
  [1m[36mCACHE (0.0ms)[0m  [1mSELECT  "teams".* FROM "teams"  WHERE "teams"."draft_id" = ?  ORDER BY "teams"."id" ASC LIMIT 1[0m  [["draft_id", 1]]
  [1m[35mTeam Load (0.2ms)[0m  SELECT "teams".* FROM "teams"  WHERE "teams"."draft_id" = ?  [["draft_id", 1]]
  [1m[36mChampion Load (0.1ms)[0m  [1mSELECT "champions".* FROM "champions" INNER JOIN "champion_selections" ON "champions"."id" = "champion_selections"."champion_id" WHERE "champion_selections"."team_id" = ?[0m  [["team_id", 1]]
  [1m[35mCACHE (0.0ms)[0m  SELECT "champions".* FROM "champions" INNER JOIN "champion_selections" ON "champions"."id" = "champion_selections"."champion_id" WHERE "champion_selections"."team_id" = ?  [["team_id", 1]]
  [1m[36mChampion Load (0.1ms)[0m  [1mSELECT "champions".* FROM "champions" INNER JOIN "champion_selections" ON "champions"."id" = "champion_selections"."champion_id" WHERE "champion_selections"."team_id" = ?[0m  [["team_id", 2]]
  [1m[35mChampion Load (0.2ms)[0m  SELECT "champions".* FROM "champions" INNER JOIN "champions_drafts" ON "champions"."id" = "champions_drafts"."champion_id" WHERE "champions_drafts"."draft_id" = ?  [["draft_id", 1]]
  Rendered drafts/show.html.erb within layouts/application (35.6ms)
Completed 200 OK in 137ms (Views: 75.0ms | ActiveRecord: 2.6ms)


Started GET "/assets/champions.css?body=1" for 127.0.0.1 at 2014-10-11 18:29:07 -0500


Started GET "/assets/drafts.css?body=1" for 127.0.0.1 at 2014-10-11 18:29:07 -0500


Started GET "/assets/home.css?body=1" for 127.0.0.1 at 2014-10-11 18:29:07 -0500


Started GET "/assets/scaffolds.css?body=1" for 127.0.0.1 at 2014-10-11 18:29:07 -0500


Started GET "/assets/application.css?body=1" for 127.0.0.1 at 2014-10-11 18:29:07 -0500


Started GET "/assets/jquery.js?body=1" for 127.0.0.1 at 2014-10-11 18:29:07 -0500


Started GET "/assets/jquery_ujs.js?body=1" for 127.0.0.1 at 2014-10-11 18:29:07 -0500


Started GET "/assets/turbolinks.js?body=1" for 127.0.0.1 at 2014-10-11 18:29:07 -0500


Started GET "/assets/champions.js?body=1" for 127.0.0.1 at 2014-10-11 18:29:07 -0500


Started GET "/assets/drafts.js?body=1" for 127.0.0.1 at 2014-10-11 18:29:08 -0500


Started GET "/assets/home.js?body=1" for 127.0.0.1 at 2014-10-11 18:29:08 -0500


Started GET "/assets/application.js?body=1" for 127.0.0.1 at 2014-10-11 18:29:08 -0500


Started GET "/" for 127.0.0.1 at 2014-10-11 18:29:19 -0500
Processing by HomeController#index as HTML
  Rendered home/index.html.erb within layouts/application (0.4ms)
Completed 200 OK in 6ms (Views: 5.0ms | ActiveRecord: 0.0ms)


Started GET "/assets/champions.css?body=1" for 127.0.0.1 at 2014-10-11 18:29:19 -0500


Started GET "/assets/home.css?body=1" for 127.0.0.1 at 2014-10-11 18:29:19 -0500


Started GET "/assets/drafts.css?body=1" for 127.0.0.1 at 2014-10-11 18:29:19 -0500


Started GET "/assets/jquery.js?body=1" for 127.0.0.1 at 2014-10-11 18:29:19 -0500


Started GET "/assets/jquery_ujs.js?body=1" for 127.0.0.1 at 2014-10-11 18:29:19 -0500


Started GET "/assets/scaffolds.css?body=1" for 127.0.0.1 at 2014-10-11 18:29:19 -0500


Started GET "/assets/application.css?body=1" for 127.0.0.1 at 2014-10-11 18:29:19 -0500


Started GET "/assets/turbolinks.js?body=1" for 127.0.0.1 at 2014-10-11 18:29:19 -0500


Started GET "/assets/champions.js?body=1" for 127.0.0.1 at 2014-10-11 18:29:19 -0500


Started GET "/assets/home.js?body=1" for 127.0.0.1 at 2014-10-11 18:29:19 -0500


Started GET "/assets/drafts.js?body=1" for 127.0.0.1 at 2014-10-11 18:29:19 -0500


Started GET "/assets/application.js?body=1" for 127.0.0.1 at 2014-10-11 18:29:19 -0500


Started GET "/drafts/new" for 127.0.0.1 at 2014-10-11 18:29:21 -0500
Processing by DraftsController#new as HTML
  [1m[36mDraft Load (0.2ms)[0m  [1mSELECT "drafts".* FROM "drafts"[0m
  [1m[35m (0.1ms)[0m  begin transaction
  [1m[36mSQL (0.2ms)[0m  [1mDELETE FROM "champions_drafts" WHERE "champions_drafts"."draft_id" = ?[0m  [["draft_id", 1]]
  [1m[35mSQL (0.4ms)[0m  DELETE FROM "drafts" WHERE "drafts"."id" = ?  [["id", 1]]
  [1m[36m (8.6ms)[0m  [1mcommit transaction[0m
  [1m[35mTeam Load (0.2ms)[0m  SELECT "teams".* FROM "teams"
  [1m[36m (0.1ms)[0m  [1mbegin transaction[0m
  [1m[35mSQL (0.3ms)[0m  DELETE FROM "teams" WHERE "teams"."id" = ?  [["id", 1]]
  [1m[36m (0.7ms)[0m  [1mcommit transaction[0m
  [1m[35m (0.1ms)[0m  begin transaction
  [1m[36mSQL (0.3ms)[0m  [1mDELETE FROM "teams" WHERE "teams"."id" = ?[0m  [["id", 2]]
  [1m[35m (0.9ms)[0m  commit transaction
  [1m[36mChampion Load (0.2ms)[0m  [1mSELECT "champions".* FROM "champions"[0m
  [1m[35m (0.1ms)[0m  begin transaction
  [1m[36mSQL (0.3ms)[0m  [1mINSERT INTO "drafts" DEFAULT VALUES[0m
  [1m[35mSQL (0.1ms)[0m  INSERT INTO "champions_drafts" ("champion_id", "draft_id") VALUES (?, ?)  [["champion_id", 1], ["draft_id", 2]]
  [1m[36mSQL (0.0ms)[0m  [1mINSERT INTO "champions_drafts" ("champion_id", "draft_id") VALUES (?, ?)[0m  [["champion_id", 2], ["draft_id", 2]]
  [1m[35mSQL (0.0ms)[0m  INSERT INTO "champions_drafts" ("champion_id", "draft_id") VALUES (?, ?)  [["champion_id", 3], ["draft_id", 2]]
  [1m[36mSQL (0.0ms)[0m  [1mINSERT INTO "champions_drafts" ("champion_id", "draft_id") VALUES (?, ?)[0m  [["champion_id", 4], ["draft_id", 2]]
  [1m[35mSQL (0.0ms)[0m  INSERT INTO "champions_drafts" ("champion_id", "draft_id") VALUES (?, ?)  [["champion_id", 5], ["draft_id", 2]]
  [1m[36mSQL (0.0ms)[0m  [1mINSERT INTO "champions_drafts" ("champion_id", "draft_id") VALUES (?, ?)[0m  [["champion_id", 6], ["draft_id", 2]]
  [1m[35mSQL (0.0ms)[0m  INSERT INTO "champions_drafts" ("champion_id", "draft_id") VALUES (?, ?)  [["champion_id", 7], ["draft_id", 2]]
  [1m[36mSQL (0.0ms)[0m  [1mINSERT INTO "champions_drafts" ("champion_id", "draft_id") VALUES (?, ?)[0m  [["champion_id", 8], ["draft_id", 2]]
  [1m[35mSQL (0.0ms)[0m  INSERT INTO "champions_drafts" ("champion_id", "draft_id") VALUES (?, ?)  [["champion_id", 9], ["draft_id", 2]]
  [1m[36mSQL (0.0ms)[0m  [1mINSERT INTO "champions_drafts" ("champion_id", "draft_id") VALUES (?, ?)[0m  [["champion_id", 10], ["draft_id", 2]]
  [1m[35mSQL (0.0ms)[0m  INSERT INTO "champions_drafts" ("champion_id", "draft_id") VALUES (?, ?)  [["champion_id", 11], ["draft_id", 2]]
  [1m[36mSQL (0.1ms)[0m  [1mINSERT INTO "teams" ("draft_id") VALUES (?)[0m  [["draft_id", 2]]
  [1m[35mSQL (0.0ms)[0m  INSERT INTO "teams" ("draft_id") VALUES (?)  [["draft_id", 2]]
  [1m[36m (0.8ms)[0m  [1mcommit transaction[0m
Redirected to http://localhost:3000/drafts/2
Completed 302 Found in 58ms (ActiveRecord: 14.3ms)


Started GET "/drafts/2" for 127.0.0.1 at 2014-10-11 18:29:21 -0500
Processing by DraftsController#show as HTML
  Parameters: {"id"=>"2"}
  [1m[35mDraft Load (0.1ms)[0m  SELECT  "drafts".* FROM "drafts"  WHERE "drafts"."id" = ? LIMIT 1  [["id", 2]]
  [1m[36mTeam Load (0.1ms)[0m  [1mSELECT  "teams".* FROM "teams"  WHERE "teams"."draft_id" = ?  ORDER BY "teams"."id" ASC LIMIT 1[0m  [["draft_id", 2]]
  [1m[35mCACHE (0.0ms)[0m  SELECT  "teams".* FROM "teams"  WHERE "teams"."draft_id" = ?  ORDER BY "teams"."id" ASC LIMIT 1  [["draft_id", 2]]
  [1m[36mChampion Load (0.1ms)[0m  [1mSELECT "champions".* FROM "champions" INNER JOIN "champion_selections" ON "champions"."id" = "champion_selections"."champion_id" WHERE "champion_selections"."team_id" = ? AND "champion_selections"."picked" = 'f'[0m  [["team_id", 3]]
  [1m[35mChampion Load (0.1ms)[0m  SELECT "champions".* FROM "champions" INNER JOIN "champion_selections" ON "champions"."id" = "champion_selections"."champion_id" WHERE "champion_selections"."team_id" = ? AND "champion_selections"."picked" = 't'  [["team_id", 3]]
  Rendered teams/_team.html.erb (3.7ms)
  [1m[36mTeam Load (0.1ms)[0m  [1mSELECT  "teams".* FROM "teams"  WHERE "teams"."draft_id" = ?  ORDER BY "teams"."id" DESC LIMIT 1[0m  [["draft_id", 2]]
  [1m[35mCACHE (0.0ms)[0m  SELECT  "teams".* FROM "teams"  WHERE "teams"."draft_id" = ?  ORDER BY "teams"."id" DESC LIMIT 1  [["draft_id", 2]]
  [1m[36mChampion Load (0.1ms)[0m  [1mSELECT "champions".* FROM "champions" INNER JOIN "champion_selections" ON "champions"."id" = "champion_selections"."champion_id" WHERE "champion_selections"."team_id" = ? AND "champion_selections"."picked" = 'f'[0m  [["team_id", 4]]
  [1m[35mChampion Load (0.0ms)[0m  SELECT "champions".* FROM "champions" INNER JOIN "champion_selections" ON "champions"."id" = "champion_selections"."champion_id" WHERE "champion_selections"."team_id" = ? AND "champion_selections"."picked" = 't'  [["team_id", 4]]
  Rendered teams/_team.html.erb (1.4ms)
  [1m[36mCACHE (0.0ms)[0m  [1mSELECT  "teams".* FROM "teams"  WHERE "teams"."draft_id" = ?  ORDER BY "teams"."id" ASC LIMIT 1[0m  [["draft_id", 2]]
  [1m[35mTeam Load (0.1ms)[0m  SELECT "teams".* FROM "teams"  WHERE "teams"."draft_id" = ?  [["draft_id", 2]]
  [1m[36mChampion Load (0.1ms)[0m  [1mSELECT "champions".* FROM "champions" INNER JOIN "champion_selections" ON "champions"."id" = "champion_selections"."champion_id" WHERE "champion_selections"."team_id" = ?[0m  [["team_id", 3]]
  [1m[35mCACHE (0.0ms)[0m  SELECT "champions".* FROM "champions" INNER JOIN "champion_selections" ON "champions"."id" = "champion_selections"."champion_id" WHERE "champion_selections"."team_id" = ?  [["team_id", 3]]
  [1m[36mChampion Load (0.1ms)[0m  [1mSELECT "champions".* FROM "champions" INNER JOIN "champion_selections" ON "champions"."id" = "champion_selections"."champion_id" WHERE "champion_selections"."team_id" = ?[0m  [["team_id", 4]]
  [1m[35mChampion Load (0.1ms)[0m  SELECT "champions".* FROM "champions" INNER JOIN "champions_drafts" ON "champions"."id" = "champions_drafts"."champion_id" WHERE "champions_drafts"."draft_id" = ?  [["draft_id", 2]]
  Rendered champions/_champion.html.erb (0.4ms)
  Rendered champions/_champion.html.erb (0.0ms)
  Rendered champions/_champion.html.erb (0.0ms)
  Rendered champions/_champion.html.erb (0.0ms)
  Rendered champions/_champion.html.erb (0.0ms)
  Rendered champions/_champion.html.erb (0.0ms)
  Rendered champions/_champion.html.erb (0.0ms)
  Rendered champions/_champion.html.erb (0.0ms)
  Rendered champions/_champion.html.erb (0.0ms)
  Rendered champions/_champion.html.erb (0.0ms)
  Rendered champions/_champion.html.erb (0.0ms)
  Rendered drafts/show.html.erb within layouts/application (28.8ms)
Completed 200 OK in 37ms (Views: 33.3ms | ActiveRecord: 1.0ms)


Started POST "/champion_selections" for 127.0.0.1 at 2014-10-11 18:29:23 -0500
Processing by ChampionSelectionsController#create as HTML
  Parameters: {"authenticity_token"=>"fXqwx0e+KD4r2ZPijeelysPPaPpgtXnUd+zl6YeuH6U=", "draft_id"=>"2", "team_id"=>"3", "champion_id"=>"1", "picked"=>"true"}
  [1m[36mDraft Load (0.1ms)[0m  [1mSELECT  "drafts".* FROM "drafts"  WHERE "drafts"."id" = ? LIMIT 1[0m  [["id", 2]]
  [1m[35mChampion Load (0.1ms)[0m  SELECT  "champions".* FROM "champions"  WHERE "champions"."id" = ? LIMIT 1  [["id", 1]]
  [1m[36mTeam Load (0.1ms)[0m  [1mSELECT  "teams".* FROM "teams"  WHERE "teams"."id" = ? LIMIT 1[0m  [["id", 3]]
  [1m[35mChampion Load (0.1ms)[0m  SELECT "champions".* FROM "champions" INNER JOIN "champion_selections" ON "champions"."id" = "champion_selections"."champion_id" WHERE "champion_selections"."team_id" = ? AND "champion_selections"."picked" = 't'  [["team_id", 3]]
  [1m[36m (0.1ms)[0m  [1mbegin transaction[0m
  [1m[35mSQL (0.4ms)[0m  INSERT INTO "champion_selections" ("champion_id", "picked", "team_id") VALUES (?, ?, ?)  [["champion_id", 1], ["picked", "t"], ["team_id", 3]]
  [1m[36m (8.9ms)[0m  [1mcommit transaction[0m
  [1m[35m (0.2ms)[0m  begin transaction
  [1m[36mSQL (0.3ms)[0m  [1mDELETE FROM "champions_drafts" WHERE "champions_drafts"."draft_id" = ? AND "champions_drafts"."champion_id" = 1[0m  [["draft_id", 2]]
  [1m[35m (0.7ms)[0m  commit transaction
  [1m[36m (0.1ms)[0m  [1mbegin transaction[0m
  [1m[35m (0.0ms)[0m  commit transaction
Redirected to http://localhost:3000/drafts/2
Completed 302 Found in 37ms (ActiveRecord: 11.3ms)


Started GET "/drafts/2" for 127.0.0.1 at 2014-10-11 18:29:23 -0500
Processing by DraftsController#show as HTML
  Parameters: {"id"=>"2"}
  [1m[36mDraft Load (0.1ms)[0m  [1mSELECT  "drafts".* FROM "drafts"  WHERE "drafts"."id" = ? LIMIT 1[0m  [["id", 2]]
  [1m[35mTeam Load (0.1ms)[0m  SELECT  "teams".* FROM "teams"  WHERE "teams"."draft_id" = ?  ORDER BY "teams"."id" ASC LIMIT 1  [["draft_id", 2]]
  [1m[36mCACHE (0.0ms)[0m  [1mSELECT  "teams".* FROM "teams"  WHERE "teams"."draft_id" = ?  ORDER BY "teams"."id" ASC LIMIT 1[0m  [["draft_id", 2]]
  [1m[35mChampion Load (0.1ms)[0m  SELECT "champions".* FROM "champions" INNER JOIN "champion_selections" ON "champions"."id" = "champion_selections"."champion_id" WHERE "champion_selections"."team_id" = ? AND "champion_selections"."picked" = 'f'  [["team_id", 3]]
  [1m[36mChampion Load (0.1ms)[0m  [1mSELECT "champions".* FROM "champions" INNER JOIN "champion_selections" ON "champions"."id" = "champion_selections"."champion_id" WHERE "champion_selections"."team_id" = ? AND "champion_selections"."picked" = 't'[0m  [["team_id", 3]]
  Rendered teams/_team.html.erb (2.0ms)
  [1m[35mTeam Load (0.2ms)[0m  SELECT  "teams".* FROM "teams"  WHERE "teams"."draft_id" = ?  ORDER BY "teams"."id" DESC LIMIT 1  [["draft_id", 2]]
  [1m[36mCACHE (0.0ms)[0m  [1mSELECT  "teams".* FROM "teams"  WHERE "teams"."draft_id" = ?  ORDER BY "teams"."id" DESC LIMIT 1[0m  [["draft_id", 2]]
  [1m[35mChampion Load (0.1ms)[0m  SELECT "champions".* FROM "champions" INNER JOIN "champion_selections" ON "champions"."id" = "champion_selections"."champion_id" WHERE "champion_selections"."team_id" = ? AND "champion_selections"."picked" = 'f'  [["team_id", 4]]
  [1m[36mChampion Load (0.1ms)[0m  [1mSELECT "champions".* FROM "champions" INNER JOIN "champion_selections" ON "champions"."id" = "champion_selections"."champion_id" WHERE "champion_selections"."team_id" = ? AND "champion_selections"."picked" = 't'[0m  [["team_id", 4]]
  Rendered teams/_team.html.erb (1.5ms)
  [1m[35mCACHE (0.0ms)[0m  SELECT  "teams".* FROM "teams"  WHERE "teams"."draft_id" = ?  ORDER BY "teams"."id" ASC LIMIT 1  [["draft_id", 2]]
  [1m[36mTeam Load (0.1ms)[0m  [1mSELECT "teams".* FROM "teams"  WHERE "teams"."draft_id" = ?[0m  [["draft_id", 2]]
  [1m[35mChampion Load (0.1ms)[0m  SELECT "champions".* FROM "champions" INNER JOIN "champion_selections" ON "champions"."id" = "champion_selections"."champion_id" WHERE "champion_selections"."team_id" = ?  [["team_id", 3]]
  [1m[36mCACHE (0.0ms)[0m  [1mSELECT "champions".* FROM "champions" INNER JOIN "champion_selections" ON "champions"."id" = "champion_selections"."champion_id" WHERE "champion_selections"."team_id" = ?[0m  [["team_id", 3]]
  [1m[35mChampion Load (0.1ms)[0m  SELECT "champions".* FROM "champions" INNER JOIN "champion_selections" ON "champions"."id" = "champion_selections"."champion_id" WHERE "champion_selections"."team_id" = ?  [["team_id", 4]]
  [1m[36mChampion Load (0.1ms)[0m  [1mSELECT "champions".* FROM "champions" INNER JOIN "champions_drafts" ON "champions"."id" = "champions_drafts"."champion_id" WHERE "champions_drafts"."draft_id" = ?[0m  [["draft_id", 2]]
  Rendered champions/_champion.html.erb (0.4ms)
  Rendered champions/_champion.html.erb (0.0ms)
  Rendered champions/_champion.html.erb (0.0ms)
  Rendered champions/_champion.html.erb (0.0ms)
  Rendered champions/_champion.html.erb (0.1ms)
  Rendered champions/_champion.html.erb (0.0ms)
  Rendered champions/_champion.html.erb (0.0ms)
  Rendered champions/_champion.html.erb (0.0ms)
  Rendered champions/_champion.html.erb (0.0ms)
  Rendered champions/_champion.html.erb (0.0ms)
  Rendered drafts/show.html.erb within layouts/application (26.6ms)
Completed 200 OK in 34ms (Views: 30.6ms | ActiveRecord: 1.0ms)


Started GET "/assets/drafts.css?body=1" for 127.0.0.1 at 2014-10-11 18:29:24 -0500


Started GET "/assets/application.css?body=1" for 127.0.0.1 at 2014-10-11 18:29:24 -0500


Started GET "/assets/scaffolds.css?body=1" for 127.0.0.1 at 2014-10-11 18:29:24 -0500


Started GET "/assets/champions.css?body=1" for 127.0.0.1 at 2014-10-11 18:29:24 -0500


Started GET "/assets/jquery.js?body=1" for 127.0.0.1 at 2014-10-11 18:29:24 -0500


Started GET "/assets/jquery_ujs.js?body=1" for 127.0.0.1 at 2014-10-11 18:29:24 -0500


Started GET "/assets/turbolinks.js?body=1" for 127.0.0.1 at 2014-10-11 18:29:24 -0500


Started GET "/assets/home.css?body=1" for 127.0.0.1 at 2014-10-11 18:29:24 -0500


Started GET "/assets/champions.js?body=1" for 127.0.0.1 at 2014-10-11 18:29:24 -0500


Started GET "/assets/drafts.js?body=1" for 127.0.0.1 at 2014-10-11 18:29:24 -0500


Started GET "/assets/home.js?body=1" for 127.0.0.1 at 2014-10-11 18:29:24 -0500


Started GET "/assets/application.js?body=1" for 127.0.0.1 at 2014-10-11 18:29:24 -0500


Started POST "/champion_selections" for 127.0.0.1 at 2014-10-11 18:29:25 -0500
Processing by ChampionSelectionsController#create as HTML
  Parameters: {"authenticity_token"=>"fXqwx0e+KD4r2ZPijeelysPPaPpgtXnUd+zl6YeuH6U=", "draft_id"=>"2", "team_id"=>"4", "champion_id"=>"2", "picked"=>"true"}
  [1m[35mDraft Load (0.3ms)[0m  SELECT  "drafts".* FROM "drafts"  WHERE "drafts"."id" = ? LIMIT 1  [["id", 2]]
  [1m[36mChampion Load (0.1ms)[0m  [1mSELECT  "champions".* FROM "champions"  WHERE "champions"."id" = ? LIMIT 1[0m  [["id", 2]]
  [1m[35mTeam Load (0.1ms)[0m  SELECT  "teams".* FROM "teams"  WHERE "teams"."id" = ? LIMIT 1  [["id", 4]]
  [1m[36mChampion Load (0.1ms)[0m  [1mSELECT "champions".* FROM "champions" INNER JOIN "champion_selections" ON "champions"."id" = "champion_selections"."champion_id" WHERE "champion_selections"."team_id" = ? AND "champion_selections"."picked" = 't'[0m  [["team_id", 4]]
  [1m[35m (0.1ms)[0m  begin transaction
  [1m[36mSQL (0.3ms)[0m  [1mINSERT INTO "champion_selections" ("champion_id", "picked", "team_id") VALUES (?, ?, ?)[0m  [["champion_id", 2], ["picked", "t"], ["team_id", 4]]
  [1m[35m (9.0ms)[0m  commit transaction
  [1m[36m (0.1ms)[0m  [1mbegin transaction[0m
  [1m[35mSQL (0.7ms)[0m  DELETE FROM "champions_drafts" WHERE "champions_drafts"."draft_id" = ? AND "champions_drafts"."champion_id" = 2  [["draft_id", 2]]
  [1m[36m (1.2ms)[0m  [1mcommit transaction[0m
  [1m[35m (0.1ms)[0m  begin transaction
  [1m[36m (0.1ms)[0m  [1mcommit transaction[0m
Redirected to http://localhost:3000/drafts/2
Completed 302 Found in 26ms (ActiveRecord: 12.0ms)


Started GET "/drafts/2" for 127.0.0.1 at 2014-10-11 18:29:25 -0500
Processing by DraftsController#show as HTML
  Parameters: {"id"=>"2"}
  [1m[35mDraft Load (0.1ms)[0m  SELECT  "drafts".* FROM "drafts"  WHERE "drafts"."id" = ? LIMIT 1  [["id", 2]]
  [1m[36mTeam Load (0.1ms)[0m  [1mSELECT  "teams".* FROM "teams"  WHERE "teams"."draft_id" = ?  ORDER BY "teams"."id" ASC LIMIT 1[0m  [["draft_id", 2]]
  [1m[35mCACHE (0.0ms)[0m  SELECT  "teams".* FROM "teams"  WHERE "teams"."draft_id" = ?  ORDER BY "teams"."id" ASC LIMIT 1  [["draft_id", 2]]
  [1m[36mChampion Load (0.1ms)[0m  [1mSELECT "champions".* FROM "champions" INNER JOIN "champion_selections" ON "champions"."id" = "champion_selections"."champion_id" WHERE "champion_selections"."team_id" = ? AND "champion_selections"."picked" = 'f'[0m  [["team_id", 3]]
  [1m[35mChampion Load (0.1ms)[0m  SELECT "champions".* FROM "champions" INNER JOIN "champion_selections" ON "champions"."id" = "champion_selections"."champion_id" WHERE "champion_selections"."team_id" = ? AND "champion_selections"."picked" = 't'  [["team_id", 3]]
  Rendered teams/_team.html.erb (2.1ms)
  [1m[36mTeam Load (0.1ms)[0m  [1mSELECT  "teams".* FROM "teams"  WHERE "teams"."draft_id" = ?  ORDER BY "teams"."id" DESC LIMIT 1[0m  [["draft_id", 2]]
  [1m[35mCACHE (0.0ms)[0m  SELECT  "teams".* FROM "teams"  WHERE "teams"."draft_id" = ?  ORDER BY "teams"."id" DESC LIMIT 1  [["draft_id", 2]]
  [1m[36mChampion Load (0.1ms)[0m  [1mSELECT "champions".* FROM "champions" INNER JOIN "champion_selections" ON "champions"."id" = "champion_selections"."champion_id" WHERE "champion_selections"."team_id" = ? AND "champion_selections"."picked" = 'f'[0m  [["team_id", 4]]
  [1m[35mChampion Load (0.1ms)[0m  SELECT "champions".* FROM "champions" INNER JOIN "champion_selections" ON "champions"."id" = "champion_selections"."champion_id" WHERE "champion_selections"."team_id" = ? AND "champion_selections"."picked" = 't'  [["team_id", 4]]
  Rendered teams/_team.html.erb (2.0ms)
  [1m[36mCACHE (0.0ms)[0m  [1mSELECT  "teams".* FROM "teams"  WHERE "teams"."draft_id" = ?  ORDER BY "teams"."id" ASC LIMIT 1[0m  [["draft_id", 2]]
  [1m[35mTeam Load (0.1ms)[0m  SELECT "teams".* FROM "teams"  WHERE "teams"."draft_id" = ?  [["draft_id", 2]]
  [1m[36mChampion Load (0.1ms)[0m  [1mSELECT "champions".* FROM "champions" INNER JOIN "champion_selections" ON "champions"."id" = "champion_selections"."champion_id" WHERE "champion_selections"."team_id" = ?[0m  [["team_id", 3]]
  [1m[35mCACHE (0.0ms)[0m  SELECT "champions".* FROM "champions" INNER JOIN "champion_selections" ON "champions"."id" = "champion_selections"."champion_id" WHERE "champion_selections"."team_id" = ?  [["team_id", 3]]
  [1m[36mChampion Load (0.1ms)[0m  [1mSELECT "champions".* FROM "champions" INNER JOIN "champion_selections" ON "champions"."id" = "champion_selections"."champion_id" WHERE "champion_selections"."team_id" = ?[0m  [["team_id", 4]]
  [1m[35mChampion Load (0.1ms)[0m  SELECT "champions".* FROM "champions" INNER JOIN "champions_drafts" ON "champions"."id" = "champions_drafts"."champion_id" WHERE "champions_drafts"."draft_id" = ?  [["draft_id", 2]]
  Rendered champions/_champion.html.erb (0.1ms)
  Rendered champions/_champion.html.erb (0.0ms)
  Rendered champions/_champion.html.erb (0.0ms)
  Rendered champions/_champion.html.erb (0.0ms)
  Rendered champions/_champion.html.erb (0.0ms)
  Rendered champions/_champion.html.erb (0.0ms)
  Rendered champions/_champion.html.erb (0.0ms)
  Rendered champions/_champion.html.erb (0.0ms)
  Rendered champions/_champion.html.erb (0.0ms)
  Rendered drafts/show.html.erb within layouts/application (24.4ms)
Completed 200 OK in 33ms (Views: 29.5ms | ActiveRecord: 0.9ms)


Started GET "/assets/champions.css?body=1" for 127.0.0.1 at 2014-10-11 18:29:25 -0500


Started GET "/assets/scaffolds.css?body=1" for 127.0.0.1 at 2014-10-11 18:29:25 -0500


Started GET "/assets/jquery.js?body=1" for 127.0.0.1 at 2014-10-11 18:29:25 -0500


Started GET "/assets/jquery_ujs.js?body=1" for 127.0.0.1 at 2014-10-11 18:29:25 -0500


Started GET "/assets/application.css?body=1" for 127.0.0.1 at 2014-10-11 18:29:25 -0500


Started GET "/assets/home.css?body=1" for 127.0.0.1 at 2014-10-11 18:29:25 -0500


Started GET "/assets/drafts.css?body=1" for 127.0.0.1 at 2014-10-11 18:29:25 -0500


Started GET "/assets/turbolinks.js?body=1" for 127.0.0.1 at 2014-10-11 18:29:25 -0500


Started GET "/assets/champions.js?body=1" for 127.0.0.1 at 2014-10-11 18:29:25 -0500


Started GET "/assets/drafts.js?body=1" for 127.0.0.1 at 2014-10-11 18:29:25 -0500


Started GET "/assets/home.js?body=1" for 127.0.0.1 at 2014-10-11 18:29:25 -0500


Started GET "/assets/application.js?body=1" for 127.0.0.1 at 2014-10-11 18:29:25 -0500


Started POST "/champion_selections" for 127.0.0.1 at 2014-10-11 18:29:27 -0500
Processing by ChampionSelectionsController#create as HTML
  Parameters: {"authenticity_token"=>"fXqwx0e+KD4r2ZPijeelysPPaPpgtXnUd+zl6YeuH6U=", "draft_id"=>"2", "team_id"=>"3", "champion_id"=>"3", "picked"=>"true"}
  [1m[36mDraft Load (0.1ms)[0m  [1mSELECT  "drafts".* FROM "drafts"  WHERE "drafts"."id" = ? LIMIT 1[0m  [["id", 2]]
  [1m[35mChampion Load (0.1ms)[0m  SELECT  "champions".* FROM "champions"  WHERE "champions"."id" = ? LIMIT 1  [["id", 3]]
  [1m[36mTeam Load (0.1ms)[0m  [1mSELECT  "teams".* FROM "teams"  WHERE "teams"."id" = ? LIMIT 1[0m  [["id", 3]]
  [1m[35mChampion Load (0.1ms)[0m  SELECT "champions".* FROM "champions" INNER JOIN "champion_selections" ON "champions"."id" = "champion_selections"."champion_id" WHERE "champion_selections"."team_id" = ? AND "champion_selections"."picked" = 't'  [["team_id", 3]]
  [1m[36m (0.1ms)[0m  [1mbegin transaction[0m
  [1m[35mSQL (0.4ms)[0m  INSERT INTO "champion_selections" ("champion_id", "picked", "team_id") VALUES (?, ?, ?)  [["champion_id", 3], ["picked", "t"], ["team_id", 3]]
  [1m[36m (8.9ms)[0m  [1mcommit transaction[0m
  [1m[35m (0.1ms)[0m  begin transaction
  [1m[36mSQL (0.4ms)[0m  [1mDELETE FROM "champions_drafts" WHERE "champions_drafts"."draft_id" = ? AND "champions_drafts"."champion_id" = 3[0m  [["draft_id", 2]]
  [1m[35m (0.8ms)[0m  commit transaction
  [1m[36m (0.1ms)[0m  [1mbegin transaction[0m
  [1m[35m (0.1ms)[0m  commit transaction
Redirected to http://localhost:3000/drafts/2
Completed 302 Found in 22ms (ActiveRecord: 11.1ms)


Started GET "/drafts/2" for 127.0.0.1 at 2014-10-11 18:29:27 -0500
Processing by DraftsController#show as HTML
  Parameters: {"id"=>"2"}
  [1m[36mDraft Load (0.1ms)[0m  [1mSELECT  "drafts".* FROM "drafts"  WHERE "drafts"."id" = ? LIMIT 1[0m  [["id", 2]]
  [1m[35mTeam Load (0.1ms)[0m  SELECT  "teams".* FROM "teams"  WHERE "teams"."draft_id" = ?  ORDER BY "teams"."id" ASC LIMIT 1  [["draft_id", 2]]
  [1m[36mCACHE (0.0ms)[0m  [1mSELECT  "teams".* FROM "teams"  WHERE "teams"."draft_id" = ?  ORDER BY "teams"."id" ASC LIMIT 1[0m  [["draft_id", 2]]
  [1m[35mChampion Load (0.1ms)[0m  SELECT "champions".* FROM "champions" INNER JOIN "champion_selections" ON "champions"."id" = "champion_selections"."champion_id" WHERE "champion_selections"."team_id" = ? AND "champion_selections"."picked" = 'f'  [["team_id", 3]]
  [1m[36mChampion Load (0.1ms)[0m  [1mSELECT "champions".* FROM "champions" INNER JOIN "champion_selections" ON "champions"."id" = "champion_selections"."champion_id" WHERE "champion_selections"."team_id" = ? AND "champion_selections"."picked" = 't'[0m  [["team_id", 3]]
  Rendered teams/_team.html.erb (2.0ms)
  [1m[35mTeam Load (0.1ms)[0m  SELECT  "teams".* FROM "teams"  WHERE "teams"."draft_id" = ?  ORDER BY "teams"."id" DESC LIMIT 1  [["draft_id", 2]]
  [1m[36mCACHE (0.0ms)[0m  [1mSELECT  "teams".* FROM "teams"  WHERE "teams"."draft_id" = ?  ORDER BY "teams"."id" DESC LIMIT 1[0m  [["draft_id", 2]]
  [1m[35mChampion Load (0.1ms)[0m  SELECT "champions".* FROM "champions" INNER JOIN "champion_selections" ON "champions"."id" = "champion_selections"."champion_id" WHERE "champion_selections"."team_id" = ? AND "champion_selections"."picked" = 'f'  [["team_id", 4]]
  [1m[36mChampion Load (0.1ms)[0m  [1mSELECT "champions".* FROM "champions" INNER JOIN "champion_selections" ON "champions"."id" = "champion_selections"."champion_id" WHERE "champion_selections"."team_id" = ? AND "champion_selections"."picked" = 't'[0m  [["team_id", 4]]
  Rendered teams/_team.html.erb (2.0ms)
  [1m[35mCACHE (0.0ms)[0m  SELECT  "teams".* FROM "teams"  WHERE "teams"."draft_id" = ?  ORDER BY "teams"."id" ASC LIMIT 1  [["draft_id", 2]]
  [1m[36mTeam Load (0.1ms)[0m  [1mSELECT "teams".* FROM "teams"  WHERE "teams"."draft_id" = ?[0m  [["draft_id", 2]]
  [1m[35mChampion Load (0.1ms)[0m  SELECT "champions".* FROM "champions" INNER JOIN "champion_selections" ON "champions"."id" = "champion_selections"."champion_id" WHERE "champion_selections"."team_id" = ?  [["team_id", 3]]
  [1m[36mCACHE (0.0ms)[0m  [1mSELECT "champions".* FROM "champions" INNER JOIN "champion_selections" ON "champions"."id" = "champion_selections"."champion_id" WHERE "champion_selections"."team_id" = ?[0m  [["team_id", 3]]
  [1m[35mChampion Load (0.1ms)[0m  SELECT "champions".* FROM "champions" INNER JOIN "champion_selections" ON "champions"."id" = "champion_selections"."champion_id" WHERE "champion_selections"."team_id" = ?  [["team_id", 4]]
  [1m[36mChampion Load (0.2ms)[0m  [1mSELECT "champions".* FROM "champions" INNER JOIN "champions_drafts" ON "champions"."id" = "champions_drafts"."champion_id" WHERE "champions_drafts"."draft_id" = ?[0m  [["draft_id", 2]]
  Rendered champions/_champion.html.erb (0.1ms)
  Rendered champions/_champion.html.erb (0.0ms)
  Rendered champions/_champion.html.erb (0.0ms)
  Rendered champions/_champion.html.erb (0.1ms)
  Rendered champions/_champion.html.erb (0.1ms)
  Rendered champions/_champion.html.erb (0.0ms)
  Rendered champions/_champion.html.erb (0.0ms)
  Rendered champions/_champion.html.erb (0.0ms)
  Rendered drafts/show.html.erb within layouts/application (24.0ms)
Completed 200 OK in 31ms (Views: 27.8ms | ActiveRecord: 1.0ms)


Started GET "/assets/champions.css?body=1" for 127.0.0.1 at 2014-10-11 18:29:27 -0500


Started GET "/assets/drafts.css?body=1" for 127.0.0.1 at 2014-10-11 18:29:27 -0500


Started GET "/assets/scaffolds.css?body=1" for 127.0.0.1 at 2014-10-11 18:29:27 -0500


Started GET "/assets/jquery.js?body=1" for 127.0.0.1 at 2014-10-11 18:29:27 -0500


Started GET "/assets/application.css?body=1" for 127.0.0.1 at 2014-10-11 18:29:27 -0500


Started GET "/assets/home.css?body=1" for 127.0.0.1 at 2014-10-11 18:29:27 -0500


Started GET "/assets/jquery_ujs.js?body=1" for 127.0.0.1 at 2014-10-11 18:29:27 -0500


Started GET "/assets/turbolinks.js?body=1" for 127.0.0.1 at 2014-10-11 18:29:27 -0500


Started GET "/assets/champions.js?body=1" for 127.0.0.1 at 2014-10-11 18:29:27 -0500


Started GET "/assets/drafts.js?body=1" for 127.0.0.1 at 2014-10-11 18:29:27 -0500


Started GET "/assets/home.js?body=1" for 127.0.0.1 at 2014-10-11 18:29:27 -0500


Started GET "/assets/application.js?body=1" for 127.0.0.1 at 2014-10-11 18:29:27 -0500


Started POST "/champion_selections" for 127.0.0.1 at 2014-10-11 18:29:28 -0500
Processing by ChampionSelectionsController#create as HTML
  Parameters: {"authenticity_token"=>"fXqwx0e+KD4r2ZPijeelysPPaPpgtXnUd+zl6YeuH6U=", "draft_id"=>"2", "team_id"=>"4", "champion_id"=>"4", "picked"=>"false"}
  [1m[35mDraft Load (0.1ms)[0m  SELECT  "drafts".* FROM "drafts"  WHERE "drafts"."id" = ? LIMIT 1  [["id", 2]]
  [1m[36mChampion Load (0.1ms)[0m  [1mSELECT  "champions".* FROM "champions"  WHERE "champions"."id" = ? LIMIT 1[0m  [["id", 4]]
  [1m[35mTeam Load (0.1ms)[0m  SELECT  "teams".* FROM "teams"  WHERE "teams"."id" = ? LIMIT 1  [["id", 4]]
  [1m[36mChampion Load (0.1ms)[0m  [1mSELECT "champions".* FROM "champions" INNER JOIN "champion_selections" ON "champions"."id" = "champion_selections"."champion_id" WHERE "champion_selections"."team_id" = ? AND "champion_selections"."picked" = 'f'[0m  [["team_id", 4]]
  [1m[35m (0.1ms)[0m  begin transaction
  [1m[36mSQL (0.2ms)[0m  [1mINSERT INTO "champion_selections" ("champion_id", "picked", "team_id") VALUES (?, ?, ?)[0m  [["champion_id", 4], ["picked", "f"], ["team_id", 4]]
  [1m[35m (8.5ms)[0m  commit transaction
  [1m[36m (0.1ms)[0m  [1mbegin transaction[0m
  [1m[35mSQL (0.4ms)[0m  DELETE FROM "champions_drafts" WHERE "champions_drafts"."draft_id" = ? AND "champions_drafts"."champion_id" = 4  [["draft_id", 2]]
  [1m[36m (0.9ms)[0m  [1mcommit transaction[0m
  [1m[35m (0.1ms)[0m  begin transaction
  [1m[36m (0.0ms)[0m  [1mcommit transaction[0m
Redirected to http://localhost:3000/drafts/2
Completed 302 Found in 20ms (ActiveRecord: 10.6ms)


Started GET "/drafts/2" for 127.0.0.1 at 2014-10-11 18:29:28 -0500
Processing by DraftsController#show as HTML
  Parameters: {"id"=>"2"}
  [1m[35mDraft Load (0.1ms)[0m  SELECT  "drafts".* FROM "drafts"  WHERE "drafts"."id" = ? LIMIT 1  [["id", 2]]
  [1m[36mTeam Load (0.1ms)[0m  [1mSELECT  "teams".* FROM "teams"  WHERE "teams"."draft_id" = ?  ORDER BY "teams"."id" ASC LIMIT 1[0m  [["draft_id", 2]]
  [1m[35mCACHE (0.0ms)[0m  SELECT  "teams".* FROM "teams"  WHERE "teams"."draft_id" = ?  ORDER BY "teams"."id" ASC LIMIT 1  [["draft_id", 2]]
  [1m[36mChampion Load (0.1ms)[0m  [1mSELECT "champions".* FROM "champions" INNER JOIN "champion_selections" ON "champions"."id" = "champion_selections"."champion_id" WHERE "champion_selections"."team_id" = ? AND "champion_selections"."picked" = 'f'[0m  [["team_id", 3]]
  [1m[35mChampion Load (0.1ms)[0m  SELECT "champions".* FROM "champions" INNER JOIN "champion_selections" ON "champions"."id" = "champion_selections"."champion_id" WHERE "champion_selections"."team_id" = ? AND "champion_selections"."picked" = 't'  [["team_id", 3]]
  Rendered teams/_team.html.erb (2.3ms)
  [1m[36mTeam Load (0.1ms)[0m  [1mSELECT  "teams".* FROM "teams"  WHERE "teams"."draft_id" = ?  ORDER BY "teams"."id" DESC LIMIT 1[0m  [["draft_id", 2]]
  [1m[35mCACHE (0.0ms)[0m  SELECT  "teams".* FROM "teams"  WHERE "teams"."draft_id" = ?  ORDER BY "teams"."id" DESC LIMIT 1  [["draft_id", 2]]
  [1m[36mChampion Load (0.1ms)[0m  [1mSELECT "champions".* FROM "champions" INNER JOIN "champion_selections" ON "champions"."id" = "champion_selections"."champion_id" WHERE "champion_selections"."team_id" = ? AND "champion_selections"."picked" = 'f'[0m  [["team_id", 4]]
  [1m[35mChampion Load (0.1ms)[0m  SELECT "champions".* FROM "champions" INNER JOIN "champion_selections" ON "champions"."id" = "champion_selections"."champion_id" WHERE "champion_selections"."team_id" = ? AND "champion_selections"."picked" = 't'  [["team_id", 4]]
  Rendered teams/_team.html.erb (2.1ms)
  [1m[36mCACHE (0.0ms)[0m  [1mSELECT  "teams".* FROM "teams"  WHERE "teams"."draft_id" = ?  ORDER BY "teams"."id" ASC LIMIT 1[0m  [["draft_id", 2]]
  [1m[35mTeam Load (0.1ms)[0m  SELECT "teams".* FROM "teams"  WHERE "teams"."draft_id" = ?  [["draft_id", 2]]
  [1m[36mChampion Load (0.1ms)[0m  [1mSELECT "champions".* FROM "champions" INNER JOIN "champion_selections" ON "champions"."id" = "champion_selections"."champion_id" WHERE "champion_selections"."team_id" = ?[0m  [["team_id", 3]]
  [1m[35mCACHE (0.0ms)[0m  SELECT "champions".* FROM "champions" INNER JOIN "champion_selections" ON "champions"."id" = "champion_selections"."champion_id" WHERE "champion_selections"."team_id" = ?  [["team_id", 3]]
  [1m[36mChampion Load (0.1ms)[0m  [1mSELECT "champions".* FROM "champions" INNER JOIN "champion_selections" ON "champions"."id" = "champion_selections"."champion_id" WHERE "champion_selections"."team_id" = ?[0m  [["team_id", 4]]
  [1m[35mChampion Load (0.1ms)[0m  SELECT "champions".* FROM "champions" INNER JOIN "champions_drafts" ON "champions"."id" = "champions_drafts"."champion_id" WHERE "champions_drafts"."draft_id" = ?  [["draft_id", 2]]
  Rendered champions/_champion.html.erb (0.1ms)
  Rendered champions/_champion.html.erb (0.0ms)
  Rendered champions/_champion.html.erb (0.0ms)
  Rendered champions/_champion.html.erb (0.0ms)
  Rendered champions/_champion.html.erb (0.0ms)
  Rendered champions/_champion.html.erb (0.0ms)
  Rendered champions/_champion.html.erb (0.0ms)
  Rendered drafts/show.html.erb within layouts/application (20.8ms)
Completed 200 OK in 28ms (Views: 24.5ms | ActiveRecord: 1.0ms)


Started GET "/assets/champions.css?body=1" for 127.0.0.1 at 2014-10-11 18:29:28 -0500


Started GET "/assets/drafts.css?body=1" for 127.0.0.1 at 2014-10-11 18:29:28 -0500


Started GET "/assets/application.css?body=1" for 127.0.0.1 at 2014-10-11 18:29:28 -0500


Started GET "/assets/home.css?body=1" for 127.0.0.1 at 2014-10-11 18:29:28 -0500


Started GET "/assets/scaffolds.css?body=1" for 127.0.0.1 at 2014-10-11 18:29:28 -0500


Started GET "/assets/jquery.js?body=1" for 127.0.0.1 at 2014-10-11 18:29:28 -0500


Started GET "/assets/jquery_ujs.js?body=1" for 127.0.0.1 at 2014-10-11 18:29:28 -0500


Started GET "/assets/turbolinks.js?body=1" for 127.0.0.1 at 2014-10-11 18:29:28 -0500


Started GET "/assets/drafts.js?body=1" for 127.0.0.1 at 2014-10-11 18:29:28 -0500


Started GET "/assets/champions.js?body=1" for 127.0.0.1 at 2014-10-11 18:29:28 -0500


Started GET "/assets/home.js?body=1" for 127.0.0.1 at 2014-10-11 18:29:28 -0500


Started GET "/assets/application.js?body=1" for 127.0.0.1 at 2014-10-11 18:29:28 -0500


Started POST "/champion_selections" for 127.0.0.1 at 2014-10-11 18:29:30 -0500
Processing by ChampionSelectionsController#create as HTML
  Parameters: {"authenticity_token"=>"fXqwx0e+KD4r2ZPijeelysPPaPpgtXnUd+zl6YeuH6U=", "draft_id"=>"2", "team_id"=>"3", "champion_id"=>"5", "picked"=>"false"}
  [1m[36mDraft Load (0.2ms)[0m  [1mSELECT  "drafts".* FROM "drafts"  WHERE "drafts"."id" = ? LIMIT 1[0m  [["id", 2]]
  [1m[35mChampion Load (0.1ms)[0m  SELECT  "champions".* FROM "champions"  WHERE "champions"."id" = ? LIMIT 1  [["id", 5]]
  [1m[36mTeam Load (0.1ms)[0m  [1mSELECT  "teams".* FROM "teams"  WHERE "teams"."id" = ? LIMIT 1[0m  [["id", 3]]
  [1m[35mChampion Load (0.1ms)[0m  SELECT "champions".* FROM "champions" INNER JOIN "champion_selections" ON "champions"."id" = "champion_selections"."champion_id" WHERE "champion_selections"."team_id" = ? AND "champion_selections"."picked" = 'f'  [["team_id", 3]]
  [1m[36m (0.0ms)[0m  [1mbegin transaction[0m
  [1m[35mSQL (0.2ms)[0m  INSERT INTO "champion_selections" ("champion_id", "picked", "team_id") VALUES (?, ?, ?)  [["champion_id", 5], ["picked", "f"], ["team_id", 3]]
  [1m[36m (8.5ms)[0m  [1mcommit transaction[0m
  [1m[35m (0.1ms)[0m  begin transaction
  [1m[36mSQL (0.4ms)[0m  [1mDELETE FROM "champions_drafts" WHERE "champions_drafts"."draft_id" = ? AND "champions_drafts"."champion_id" = 5[0m  [["draft_id", 2]]
  [1m[35m (0.8ms)[0m  commit transaction
  [1m[36m (0.1ms)[0m  [1mbegin transaction[0m
  [1m[35m (0.0ms)[0m  commit transaction
Redirected to http://localhost:3000/drafts/2
Completed 302 Found in 20ms (ActiveRecord: 10.5ms)


Started GET "/drafts/2" for 127.0.0.1 at 2014-10-11 18:29:30 -0500
Processing by DraftsController#show as HTML
  Parameters: {"id"=>"2"}
  [1m[36mDraft Load (0.1ms)[0m  [1mSELECT  "drafts".* FROM "drafts"  WHERE "drafts"."id" = ? LIMIT 1[0m  [["id", 2]]
  [1m[35mTeam Load (0.1ms)[0m  SELECT  "teams".* FROM "teams"  WHERE "teams"."draft_id" = ?  ORDER BY "teams"."id" ASC LIMIT 1  [["draft_id", 2]]
  [1m[36mCACHE (0.0ms)[0m  [1mSELECT  "teams".* FROM "teams"  WHERE "teams"."draft_id" = ?  ORDER BY "teams"."id" ASC LIMIT 1[0m  [["draft_id", 2]]
  [1m[35mChampion Load (0.1ms)[0m  SELECT "champions".* FROM "champions" INNER JOIN "champion_selections" ON "champions"."id" = "champion_selections"."champion_id" WHERE "champion_selections"."team_id" = ? AND "champion_selections"."picked" = 'f'  [["team_id", 3]]
  [1m[36mChampion Load (0.1ms)[0m  [1mSELECT "champions".* FROM "champions" INNER JOIN "champion_selections" ON "champions"."id" = "champion_selections"."champion_id" WHERE "champion_selections"."team_id" = ? AND "champion_selections"."picked" = 't'[0m  [["team_id", 3]]
  Rendered teams/_team.html.erb (2.2ms)
  [1m[35mTeam Load (0.1ms)[0m  SELECT  "teams".* FROM "teams"  WHERE "teams"."draft_id" = ?  ORDER BY "teams"."id" DESC LIMIT 1  [["draft_id", 2]]
  [1m[36mCACHE (0.0ms)[0m  [1mSELECT  "teams".* FROM "teams"  WHERE "teams"."draft_id" = ?  ORDER BY "teams"."id" DESC LIMIT 1[0m  [["draft_id", 2]]
  [1m[35mChampion Load (0.1ms)[0m  SELECT "champions".* FROM "champions" INNER JOIN "champion_selections" ON "champions"."id" = "champion_selections"."champion_id" WHERE "champion_selections"."team_id" = ? AND "champion_selections"."picked" = 'f'  [["team_id", 4]]
  [1m[36mChampion Load (0.1ms)[0m  [1mSELECT "champions".* FROM "champions" INNER JOIN "champion_selections" ON "champions"."id" = "champion_selections"."champion_id" WHERE "champion_selections"."team_id" = ? AND "champion_selections"."picked" = 't'[0m  [["team_id", 4]]
  Rendered teams/_team.html.erb (1.7ms)
  [1m[35mCACHE (0.0ms)[0m  SELECT  "teams".* FROM "teams"  WHERE "teams"."draft_id" = ?  ORDER BY "teams"."id" ASC LIMIT 1  [["draft_id", 2]]
  [1m[36mTeam Load (0.1ms)[0m  [1mSELECT "teams".* FROM "teams"  WHERE "teams"."draft_id" = ?[0m  [["draft_id", 2]]
  [1m[35mChampion Load (0.1ms)[0m  SELECT "champions".* FROM "champions" INNER JOIN "champion_selections" ON "champions"."id" = "champion_selections"."champion_id" WHERE "champion_selections"."team_id" = ?  [["team_id", 3]]
  [1m[36mCACHE (0.0ms)[0m  [1mSELECT "champions".* FROM "champions" INNER JOIN "champion_selections" ON "champions"."id" = "champion_selections"."champion_id" WHERE "champion_selections"."team_id" = ?[0m  [["team_id", 3]]
  [1m[35mChampion Load (0.1ms)[0m  SELECT "champions".* FROM "champions" INNER JOIN "champion_selections" ON "champions"."id" = "champion_selections"."champion_id" WHERE "champion_selections"."team_id" = ?  [["team_id", 4]]
  [1m[36mChampion Load (0.1ms)[0m  [1mSELECT "champions".* FROM "champions" INNER JOIN "champions_drafts" ON "champions"."id" = "champions_drafts"."champion_id" WHERE "champions_drafts"."draft_id" = ?[0m  [["draft_id", 2]]
  Rendered champions/_champion.html.erb (0.1ms)
  Rendered champions/_champion.html.erb (0.0ms)
  Rendered champions/_champion.html.erb (0.0ms)
  Rendered champions/_champion.html.erb (0.1ms)
  Rendered champions/_champion.html.erb (0.0ms)
  Rendered champions/_champion.html.erb (0.0ms)
  Rendered drafts/show.html.erb within layouts/application (26.3ms)
Completed 200 OK in 35ms (Views: 30.9ms | ActiveRecord: 1.0ms)


Started GET "/assets/champions.css?body=1" for 127.0.0.1 at 2014-10-11 18:29:30 -0500


Started GET "/assets/scaffolds.css?body=1" for 127.0.0.1 at 2014-10-11 18:29:30 -0500


Started GET "/assets/application.css?body=1" for 127.0.0.1 at 2014-10-11 18:29:30 -0500


Started GET "/assets/jquery.js?body=1" for 127.0.0.1 at 2014-10-11 18:29:30 -0500


Started GET "/assets/home.css?body=1" for 127.0.0.1 at 2014-10-11 18:29:30 -0500


Started GET "/assets/drafts.css?body=1" for 127.0.0.1 at 2014-10-11 18:29:30 -0500


Started GET "/assets/jquery_ujs.js?body=1" for 127.0.0.1 at 2014-10-11 18:29:30 -0500


Started GET "/assets/turbolinks.js?body=1" for 127.0.0.1 at 2014-10-11 18:29:30 -0500


Started GET "/assets/champions.js?body=1" for 127.0.0.1 at 2014-10-11 18:29:30 -0500


Started GET "/assets/drafts.js?body=1" for 127.0.0.1 at 2014-10-11 18:29:30 -0500


Started GET "/assets/home.js?body=1" for 127.0.0.1 at 2014-10-11 18:29:30 -0500


Started GET "/assets/application.js?body=1" for 127.0.0.1 at 2014-10-11 18:29:30 -0500


Started GET "/drafts/new" for 127.0.0.1 at 2014-10-11 18:54:15 -0500
  [1m[36mActiveRecord::SchemaMigration Load (0.1ms)[0m  [1mSELECT "schema_migrations".* FROM "schema_migrations"[0m
Processing by DraftsController#new as HTML
  [1m[35mDraft Load (0.1ms)[0m  SELECT "drafts".* FROM "drafts"
  [1m[36m (0.0ms)[0m  [1mbegin transaction[0m
  [1m[35mSQL (0.6ms)[0m  DELETE FROM "champions_drafts" WHERE "champions_drafts"."draft_id" = ?  [["draft_id", 2]]
  [1m[36mSQL (0.1ms)[0m  [1mDELETE FROM "drafts" WHERE "drafts"."id" = ?[0m  [["id", 2]]
  [1m[35m (19.2ms)[0m  commit transaction
  [1m[36mTeam Load (0.2ms)[0m  [1mSELECT "teams".* FROM "teams"[0m
  [1m[35m (0.1ms)[0m  begin transaction
  [1m[36mSQL (0.4ms)[0m  [1mDELETE FROM "teams" WHERE "teams"."id" = ?[0m  [["id", 3]]
  [1m[35m (0.8ms)[0m  commit transaction
  [1m[36m (0.1ms)[0m  [1mbegin transaction[0m
  [1m[35mSQL (0.2ms)[0m  DELETE FROM "teams" WHERE "teams"."id" = ?  [["id", 4]]
  [1m[36m (0.7ms)[0m  [1mcommit transaction[0m
  [1m[35mChampion Load (0.2ms)[0m  SELECT "champions".* FROM "champions"
  [1m[36m (0.1ms)[0m  [1mbegin transaction[0m
  [1m[35mSQL (0.3ms)[0m  INSERT INTO "drafts" DEFAULT VALUES
  [1m[36mSQL (0.1ms)[0m  [1mINSERT INTO "champions_drafts" ("champion_id", "draft_id") VALUES (?, ?)[0m  [["champion_id", 1], ["draft_id", 3]]
  [1m[35mSQL (0.1ms)[0m  INSERT INTO "champions_drafts" ("champion_id", "draft_id") VALUES (?, ?)  [["champion_id", 2], ["draft_id", 3]]
  [1m[36mSQL (0.0ms)[0m  [1mINSERT INTO "champions_drafts" ("champion_id", "draft_id") VALUES (?, ?)[0m  [["champion_id", 3], ["draft_id", 3]]
  [1m[35mSQL (0.0ms)[0m  INSERT INTO "champions_drafts" ("champion_id", "draft_id") VALUES (?, ?)  [["champion_id", 4], ["draft_id", 3]]
  [1m[36mSQL (0.0ms)[0m  [1mINSERT INTO "champions_drafts" ("champion_id", "draft_id") VALUES (?, ?)[0m  [["champion_id", 5], ["draft_id", 3]]
  [1m[35mSQL (0.0ms)[0m  INSERT INTO "champions_drafts" ("champion_id", "draft_id") VALUES (?, ?)  [["champion_id", 6], ["draft_id", 3]]
  [1m[36mSQL (0.0ms)[0m  [1mINSERT INTO "champions_drafts" ("champion_id", "draft_id") VALUES (?, ?)[0m  [["champion_id", 7], ["draft_id", 3]]
  [1m[35mSQL (0.0ms)[0m  INSERT INTO "champions_drafts" ("champion_id", "draft_id") VALUES (?, ?)  [["champion_id", 8], ["draft_id", 3]]
  [1m[36mSQL (0.0ms)[0m  [1mINSERT INTO "champions_drafts" ("champion_id", "draft_id") VALUES (?, ?)[0m  [["champion_id", 9], ["draft_id", 3]]
  [1m[35mSQL (0.0ms)[0m  INSERT INTO "champions_drafts" ("champion_id", "draft_id") VALUES (?, ?)  [["champion_id", 10], ["draft_id", 3]]
  [1m[36mSQL (0.0ms)[0m  [1mINSERT INTO "champions_drafts" ("champion_id", "draft_id") VALUES (?, ?)[0m  [["champion_id", 11], ["draft_id", 3]]
  [1m[35mSQL (0.1ms)[0m  INSERT INTO "teams" ("draft_id") VALUES (?)  [["draft_id", 3]]
  [1m[36mSQL (0.0ms)[0m  [1mINSERT INTO "teams" ("draft_id") VALUES (?)[0m  [["draft_id", 3]]
  [1m[35m (0.9ms)[0m  commit transaction
Redirected to http://localhost:3000/drafts/3
Completed 302 Found in 145ms (ActiveRecord: 25.6ms)


Started GET "/drafts/3" for 127.0.0.1 at 2014-10-11 18:54:15 -0500
Processing by DraftsController#show as HTML
  Parameters: {"id"=>"3"}
  [1m[36mDraft Load (0.2ms)[0m  [1mSELECT  "drafts".* FROM "drafts"  WHERE "drafts"."id" = ? LIMIT 1[0m  [["id", 3]]
  [1m[35mTeam Load (0.2ms)[0m  SELECT  "teams".* FROM "teams"  WHERE "teams"."draft_id" = ?  ORDER BY "teams"."id" ASC LIMIT 1  [["draft_id", 3]]
  [1m[36mCACHE (0.0ms)[0m  [1mSELECT  "teams".* FROM "teams"  WHERE "teams"."draft_id" = ?  ORDER BY "teams"."id" ASC LIMIT 1[0m  [["draft_id", 3]]
  [1m[35mChampion Load (0.2ms)[0m  SELECT "champions".* FROM "champions" INNER JOIN "champion_selections" ON "champions"."id" = "champion_selections"."champion_id" WHERE "champion_selections"."team_id" = ? AND "champion_selections"."picked" = 'f'  [["team_id", 5]]
  [1m[36mChampion Load (0.1ms)[0m  [1mSELECT "champions".* FROM "champions" INNER JOIN "champion_selections" ON "champions"."id" = "champion_selections"."champion_id" WHERE "champion_selections"."team_id" = ? AND "champion_selections"."picked" = 't'[0m  [["team_id", 5]]
  Rendered teams/_team.html.erb (13.4ms)
  [1m[35mTeam Load (0.1ms)[0m  SELECT  "teams".* FROM "teams"  WHERE "teams"."draft_id" = ?  ORDER BY "teams"."id" DESC LIMIT 1  [["draft_id", 3]]
  [1m[36mCACHE (0.0ms)[0m  [1mSELECT  "teams".* FROM "teams"  WHERE "teams"."draft_id" = ?  ORDER BY "teams"."id" DESC LIMIT 1[0m  [["draft_id", 3]]
  [1m[35mChampion Load (0.1ms)[0m  SELECT "champions".* FROM "champions" INNER JOIN "champion_selections" ON "champions"."id" = "champion_selections"."champion_id" WHERE "champion_selections"."team_id" = ? AND "champion_selections"."picked" = 'f'  [["team_id", 6]]
  [1m[36mChampion Load (0.1ms)[0m  [1mSELECT "champions".* FROM "champions" INNER JOIN "champion_selections" ON "champions"."id" = "champion_selections"."champion_id" WHERE "champion_selections"."team_id" = ? AND "champion_selections"."picked" = 't'[0m  [["team_id", 6]]
  Rendered teams/_team.html.erb (1.6ms)
  [1m[35mCACHE (0.0ms)[0m  SELECT  "teams".* FROM "teams"  WHERE "teams"."draft_id" = ?  ORDER BY "teams"."id" ASC LIMIT 1  [["draft_id", 3]]
  [1m[36mTeam Load (0.1ms)[0m  [1mSELECT "teams".* FROM "teams"  WHERE "teams"."draft_id" = ?[0m  [["draft_id", 3]]
  [1m[35mChampion Load (0.1ms)[0m  SELECT "champions".* FROM "champions" INNER JOIN "champion_selections" ON "champions"."id" = "champion_selections"."champion_id" WHERE "champion_selections"."team_id" = ?  [["team_id", 5]]
  [1m[36mCACHE (0.0ms)[0m  [1mSELECT "champions".* FROM "champions" INNER JOIN "champion_selections" ON "champions"."id" = "champion_selections"."champion_id" WHERE "champion_selections"."team_id" = ?[0m  [["team_id", 5]]
  [1m[35mChampion Load (0.1ms)[0m  SELECT "champions".* FROM "champions" INNER JOIN "champion_selections" ON "champions"."id" = "champion_selections"."champion_id" WHERE "champion_selections"."team_id" = ?  [["team_id", 6]]
  [1m[36mChampion Load (0.1ms)[0m  [1mSELECT "champions".* FROM "champions" INNER JOIN "champions_drafts" ON "champions"."id" = "champions_drafts"."champion_id" WHERE "champions_drafts"."draft_id" = ?[0m  [["draft_id", 3]]
  Rendered champions/_champion.html.erb (0.4ms)
  Rendered champions/_champion.html.erb (0.0ms)
  Rendered champions/_champion.html.erb (0.0ms)
  Rendered champions/_champion.html.erb (0.0ms)
  Rendered champions/_champion.html.erb (0.0ms)
  Rendered champions/_champion.html.erb (0.0ms)
  Rendered champions/_champion.html.erb (0.1ms)
  Rendered champions/_champion.html.erb (0.0ms)
  Rendered champions/_champion.html.erb (0.0ms)
  Rendered champions/_champion.html.erb (0.0ms)
  Rendered champions/_champion.html.erb (0.0ms)
  Rendered drafts/show.html.erb within layouts/application (44.9ms)
Completed 200 OK in 101ms (Views: 95.9ms | ActiveRecord: 1.6ms)


Started GET "/drafts/new" for 127.0.0.1 at 2014-10-11 18:56:04 -0500
  [1m[36mActiveRecord::SchemaMigration Load (0.1ms)[0m  [1mSELECT "schema_migrations".* FROM "schema_migrations"[0m
Processing by DraftsController#new as HTML
  [1m[35mDraft Load (0.1ms)[0m  SELECT "drafts".* FROM "drafts"
  [1m[36m (0.1ms)[0m  [1mbegin transaction[0m
  [1m[35mSQL (0.3ms)[0m  DELETE FROM "champions_drafts" WHERE "champions_drafts"."draft_id" = ?  [["draft_id", 3]]
  [1m[36mSQL (0.1ms)[0m  [1mDELETE FROM "drafts" WHERE "drafts"."id" = ?[0m  [["id", 3]]
  [1m[35m (8.2ms)[0m  commit transaction
  [1m[36mTeam Load (0.2ms)[0m  [1mSELECT "teams".* FROM "teams"[0m
  [1m[35m (0.0ms)[0m  begin transaction
  [1m[36mSQL (0.2ms)[0m  [1mDELETE FROM "teams" WHERE "teams"."id" = ?[0m  [["id", 5]]
  [1m[35m (0.8ms)[0m  commit transaction
  [1m[36m (0.1ms)[0m  [1mbegin transaction[0m
  [1m[35mSQL (0.1ms)[0m  DELETE FROM "teams" WHERE "teams"."id" = ?  [["id", 6]]
  [1m[36m (0.7ms)[0m  [1mcommit transaction[0m
  [1m[35mChampion Load (0.3ms)[0m  SELECT "champions".* FROM "champions"
  [1m[36m (0.1ms)[0m  [1mbegin transaction[0m
  [1m[35mSQL (0.2ms)[0m  INSERT INTO "drafts" DEFAULT VALUES
  [1m[36mSQL (0.1ms)[0m  [1mINSERT INTO "champions_drafts" ("champion_id", "draft_id") VALUES (?, ?)[0m  [["champion_id", 1], ["draft_id", 4]]
  [1m[35mSQL (0.0ms)[0m  INSERT INTO "champions_drafts" ("champion_id", "draft_id") VALUES (?, ?)  [["champion_id", 2], ["draft_id", 4]]
  [1m[36mSQL (0.0ms)[0m  [1mINSERT INTO "champions_drafts" ("champion_id", "draft_id") VALUES (?, ?)[0m  [["champion_id", 3], ["draft_id", 4]]
  [1m[35mSQL (0.0ms)[0m  INSERT INTO "champions_drafts" ("champion_id", "draft_id") VALUES (?, ?)  [["champion_id", 4], ["draft_id", 4]]
  [1m[36mSQL (0.0ms)[0m  [1mINSERT INTO "champions_drafts" ("champion_id", "draft_id") VALUES (?, ?)[0m  [["champion_id", 5], ["draft_id", 4]]
  [1m[35mSQL (0.1ms)[0m  INSERT INTO "champions_drafts" ("champion_id", "draft_id") VALUES (?, ?)  [["champion_id", 6], ["draft_id", 4]]
  [1m[36mSQL (0.0ms)[0m  [1mINSERT INTO "champions_drafts" ("champion_id", "draft_id") VALUES (?, ?)[0m  [["champion_id", 7], ["draft_id", 4]]
  [1m[35mSQL (0.0ms)[0m  INSERT INTO "champions_drafts" ("champion_id", "draft_id") VALUES (?, ?)  [["champion_id", 8], ["draft_id", 4]]
  [1m[36mSQL (0.0ms)[0m  [1mINSERT INTO "champions_drafts" ("champion_id", "draft_id") VALUES (?, ?)[0m  [["champion_id", 9], ["draft_id", 4]]
  [1m[35mSQL (0.0ms)[0m  INSERT INTO "champions_drafts" ("champion_id", "draft_id") VALUES (?, ?)  [["champion_id", 10], ["draft_id", 4]]
  [1m[36mSQL (0.0ms)[0m  [1mINSERT INTO "champions_drafts" ("champion_id", "draft_id") VALUES (?, ?)[0m  [["champion_id", 11], ["draft_id", 4]]
  [1m[35mSQL (0.1ms)[0m  INSERT INTO "teams" ("draft_id") VALUES (?)  [["draft_id", 4]]
  [1m[36mSQL (0.0ms)[0m  [1mINSERT INTO "teams" ("draft_id") VALUES (?)[0m  [["draft_id", 4]]
  [1m[35m (0.8ms)[0m  commit transaction
Redirected to http://localhost:3000/drafts/4
Completed 302 Found in 114ms (ActiveRecord: 14.0ms)


Started GET "/drafts/4" for 127.0.0.1 at 2014-10-11 18:56:04 -0500
Processing by DraftsController#show as HTML
  Parameters: {"id"=>"4"}
  [1m[36mDraft Load (0.2ms)[0m  [1mSELECT  "drafts".* FROM "drafts"  WHERE "drafts"."id" = ? LIMIT 1[0m  [["id", 4]]
  [1m[35mTeam Load (0.2ms)[0m  SELECT  "teams".* FROM "teams"  WHERE "teams"."draft_id" = ?  ORDER BY "teams"."id" ASC LIMIT 1  [["draft_id", 4]]
  [1m[36mCACHE (0.0ms)[0m  [1mSELECT  "teams".* FROM "teams"  WHERE "teams"."draft_id" = ?  ORDER BY "teams"."id" ASC LIMIT 1[0m  [["draft_id", 4]]
  [1m[35mChampion Load (0.3ms)[0m  SELECT "champions".* FROM "champions" INNER JOIN "champion_selections" ON "champions"."id" = "champion_selections"."champion_id" WHERE "champion_selections"."team_id" = ? AND "champion_selections"."picked" = 'f'  [["team_id", 7]]
  [1m[36mChampion Load (0.2ms)[0m  [1mSELECT "champions".* FROM "champions" INNER JOIN "champion_selections" ON "champions"."id" = "champion_selections"."champion_id" WHERE "champion_selections"."team_id" = ? AND "champion_selections"."picked" = 't'[0m  [["team_id", 7]]
  Rendered teams/_team.html.erb (16.2ms)
  [1m[35mTeam Load (0.5ms)[0m  SELECT  "teams".* FROM "teams"  WHERE "teams"."draft_id" = ?  ORDER BY "teams"."id" DESC LIMIT 1  [["draft_id", 4]]
  [1m[36mCACHE (0.0ms)[0m  [1mSELECT  "teams".* FROM "teams"  WHERE "teams"."draft_id" = ?  ORDER BY "teams"."id" DESC LIMIT 1[0m  [["draft_id", 4]]
  [1m[35mChampion Load (0.1ms)[0m  SELECT "champions".* FROM "champions" INNER JOIN "champion_selections" ON "champions"."id" = "champion_selections"."champion_id" WHERE "champion_selections"."team_id" = ? AND "champion_selections"."picked" = 'f'  [["team_id", 8]]
  [1m[36mChampion Load (0.1ms)[0m  [1mSELECT "champions".* FROM "champions" INNER JOIN "champion_selections" ON "champions"."id" = "champion_selections"."champion_id" WHERE "champion_selections"."team_id" = ? AND "champion_selections"."picked" = 't'[0m  [["team_id", 8]]
  Rendered teams/_team.html.erb (2.5ms)
  [1m[35mCACHE (0.0ms)[0m  SELECT  "teams".* FROM "teams"  WHERE "teams"."draft_id" = ?  ORDER BY "teams"."id" ASC LIMIT 1  [["draft_id", 4]]
  [1m[36mTeam Load (0.2ms)[0m  [1mSELECT "teams".* FROM "teams"  WHERE "teams"."draft_id" = ?[0m  [["draft_id", 4]]
  [1m[35mChampion Load (0.2ms)[0m  SELECT "champions".* FROM "champions" INNER JOIN "champion_selections" ON "champions"."id" = "champion_selections"."champion_id" WHERE "champion_selections"."team_id" = ?  [["team_id", 7]]
  [1m[36mCACHE (0.0ms)[0m  [1mSELECT "champions".* FROM "champions" INNER JOIN "champion_selections" ON "champions"."id" = "champion_selections"."champion_id" WHERE "champion_selections"."team_id" = ?[0m  [["team_id", 7]]
  [1m[35mChampion Load (0.1ms)[0m  SELECT "champions".* FROM "champions" INNER JOIN "champion_selections" ON "champions"."id" = "champion_selections"."champion_id" WHERE "champion_selections"."team_id" = ?  [["team_id", 8]]
  [1m[36mChampion Load (0.4ms)[0m  [1mSELECT "champions".* FROM "champions" INNER JOIN "champions_drafts" ON "champions"."id" = "champions_drafts"."champion_id" WHERE "champions_drafts"."draft_id" = ?[0m  [["draft_id", 4]]
  Rendered champions/_champion.html.erb (0.6ms)
  Rendered champions/_champion.html.erb (0.1ms)
  Rendered champions/_champion.html.erb (0.0ms)
  Rendered champions/_champion.html.erb (0.1ms)
  Rendered champions/_champion.html.erb (0.0ms)
  Rendered champions/_champion.html.erb (0.0ms)
  Rendered champions/_champion.html.erb (0.0ms)
  Rendered champions/_champion.html.erb (0.1ms)
  Rendered champions/_champion.html.erb (0.1ms)
  Rendered champions/_champion.html.erb (0.2ms)
  Rendered champions/_champion.html.erb (0.1ms)
  Rendered drafts/show.html.erb within layouts/application (58.3ms)
Completed 200 OK in 111ms (Views: 104.5ms | ActiveRecord: 3.0ms)


Started GET "/drafts/new" for 127.0.0.1 at 2014-10-11 18:56:45 -0500
  [1m[36mActiveRecord::SchemaMigration Load (0.1ms)[0m  [1mSELECT "schema_migrations".* FROM "schema_migrations"[0m
Processing by DraftsController#new as HTML
  [1m[35mDraft Load (0.2ms)[0m  SELECT "drafts".* FROM "drafts"
  [1m[36m (0.0ms)[0m  [1mbegin transaction[0m
  [1m[35mSQL (0.4ms)[0m  DELETE FROM "champions_drafts" WHERE "champions_drafts"."draft_id" = ?  [["draft_id", 4]]
  [1m[36mSQL (0.1ms)[0m  [1mDELETE FROM "drafts" WHERE "drafts"."id" = ?[0m  [["id", 4]]
  [1m[35m (8.9ms)[0m  commit transaction
  [1m[36mTeam Load (0.1ms)[0m  [1mSELECT "teams".* FROM "teams"[0m
  [1m[35m (0.0ms)[0m  begin transaction
  [1m[36mSQL (0.2ms)[0m  [1mDELETE FROM "teams" WHERE "teams"."id" = ?[0m  [["id", 7]]
  [1m[35m (0.7ms)[0m  commit transaction
  [1m[36m (0.1ms)[0m  [1mbegin transaction[0m
  [1m[35mSQL (0.2ms)[0m  DELETE FROM "teams" WHERE "teams"."id" = ?  [["id", 8]]
  [1m[36m (0.6ms)[0m  [1mcommit transaction[0m
  [1m[35mChampion Load (0.2ms)[0m  SELECT "champions".* FROM "champions"
  [1m[36m (0.1ms)[0m  [1mbegin transaction[0m
  [1m[35mSQL (0.2ms)[0m  INSERT INTO "drafts" DEFAULT VALUES
  [1m[36mSQL (0.1ms)[0m  [1mINSERT INTO "champions_drafts" ("champion_id", "draft_id") VALUES (?, ?)[0m  [["champion_id", 1], ["draft_id", 5]]
  [1m[35mSQL (0.0ms)[0m  INSERT INTO "champions_drafts" ("champion_id", "draft_id") VALUES (?, ?)  [["champion_id", 2], ["draft_id", 5]]
  [1m[36mSQL (0.0ms)[0m  [1mINSERT INTO "champions_drafts" ("champion_id", "draft_id") VALUES (?, ?)[0m  [["champion_id", 3], ["draft_id", 5]]
  [1m[35mSQL (0.0ms)[0m  INSERT INTO "champions_drafts" ("champion_id", "draft_id") VALUES (?, ?)  [["champion_id", 4], ["draft_id", 5]]
  [1m[36mSQL (0.0ms)[0m  [1mINSERT INTO "champions_drafts" ("champion_id", "draft_id") VALUES (?, ?)[0m  [["champion_id", 5], ["draft_id", 5]]
  [1m[35mSQL (0.0ms)[0m  INSERT INTO "champions_drafts" ("champion_id", "draft_id") VALUES (?, ?)  [["champion_id", 6], ["draft_id", 5]]
  [1m[36mSQL (0.0ms)[0m  [1mINSERT INTO "champions_drafts" ("champion_id", "draft_id") VALUES (?, ?)[0m  [["champion_id", 7], ["draft_id", 5]]
  [1m[35mSQL (0.0ms)[0m  INSERT INTO "champions_drafts" ("champion_id", "draft_id") VALUES (?, ?)  [["champion_id", 8], ["draft_id", 5]]
  [1m[36mSQL (0.0ms)[0m  [1mINSERT INTO "champions_drafts" ("champion_id", "draft_id") VALUES (?, ?)[0m  [["champion_id", 9], ["draft_id", 5]]
  [1m[35mSQL (0.0ms)[0m  INSERT INTO "champions_drafts" ("champion_id", "draft_id") VALUES (?, ?)  [["champion_id", 10], ["draft_id", 5]]
  [1m[36mSQL (0.0ms)[0m  [1mINSERT INTO "champions_drafts" ("champion_id", "draft_id") VALUES (?, ?)[0m  [["champion_id", 11], ["draft_id", 5]]
  [1m[35mSQL (0.1ms)[0m  INSERT INTO "teams" ("draft_id") VALUES (?)  [["draft_id", 5]]
  [1m[36mSQL (0.1ms)[0m  [1mINSERT INTO "teams" ("draft_id") VALUES (?)[0m  [["draft_id", 5]]
  [1m[35m (0.9ms)[0m  commit transaction
Redirected to http://localhost:3000/drafts/5
Completed 302 Found in 118ms (ActiveRecord: 14.6ms)


Started GET "/drafts/5" for 127.0.0.1 at 2014-10-11 18:56:45 -0500
Processing by DraftsController#show as HTML
  Parameters: {"id"=>"5"}
  [1m[36mDraft Load (0.2ms)[0m  [1mSELECT  "drafts".* FROM "drafts"  WHERE "drafts"."id" = ? LIMIT 1[0m  [["id", 5]]
  [1m[35mTeam Load (0.1ms)[0m  SELECT  "teams".* FROM "teams"  WHERE "teams"."draft_id" = ?  ORDER BY "teams"."id" ASC LIMIT 1  [["draft_id", 5]]
  [1m[36mCACHE (0.0ms)[0m  [1mSELECT  "teams".* FROM "teams"  WHERE "teams"."draft_id" = ?  ORDER BY "teams"."id" ASC LIMIT 1[0m  [["draft_id", 5]]
  [1m[35mChampion Load (0.1ms)[0m  SELECT "champions".* FROM "champions" INNER JOIN "champion_selections" ON "champions"."id" = "champion_selections"."champion_id" WHERE "champion_selections"."team_id" = ? AND "champion_selections"."picked" = 'f'  [["team_id", 9]]
  [1m[36mChampion Load (0.1ms)[0m  [1mSELECT "champions".* FROM "champions" INNER JOIN "champion_selections" ON "champions"."id" = "champion_selections"."champion_id" WHERE "champion_selections"."team_id" = ? AND "champion_selections"."picked" = 't'[0m  [["team_id", 9]]
  Rendered teams/_team.html.erb (12.2ms)
  [1m[35mTeam Load (0.1ms)[0m  SELECT  "teams".* FROM "teams"  WHERE "teams"."draft_id" = ?  ORDER BY "teams"."id" DESC LIMIT 1  [["draft_id", 5]]
  [1m[36mCACHE (0.0ms)[0m  [1mSELECT  "teams".* FROM "teams"  WHERE "teams"."draft_id" = ?  ORDER BY "teams"."id" DESC LIMIT 1[0m  [["draft_id", 5]]
  [1m[35mChampion Load (0.1ms)[0m  SELECT "champions".* FROM "champions" INNER JOIN "champion_selections" ON "champions"."id" = "champion_selections"."champion_id" WHERE "champion_selections"."team_id" = ? AND "champion_selections"."picked" = 'f'  [["team_id", 10]]
  [1m[36mChampion Load (0.0ms)[0m  [1mSELECT "champions".* FROM "champions" INNER JOIN "champion_selections" ON "champions"."id" = "champion_selections"."champion_id" WHERE "champion_selections"."team_id" = ? AND "champion_selections"."picked" = 't'[0m  [["team_id", 10]]
  Rendered teams/_team.html.erb (1.4ms)
  [1m[35mCACHE (0.0ms)[0m  SELECT  "teams".* FROM "teams"  WHERE "teams"."draft_id" = ?  ORDER BY "teams"."id" ASC LIMIT 1  [["draft_id", 5]]
  [1m[36mTeam Load (0.1ms)[0m  [1mSELECT "teams".* FROM "teams"  WHERE "teams"."draft_id" = ?[0m  [["draft_id", 5]]
  [1m[35mChampion Load (0.1ms)[0m  SELECT "champions".* FROM "champions" INNER JOIN "champion_selections" ON "champions"."id" = "champion_selections"."champion_id" WHERE "champion_selections"."team_id" = ?  [["team_id", 9]]
  [1m[36mCACHE (0.0ms)[0m  [1mSELECT "champions".* FROM "champions" INNER JOIN "champion_selections" ON "champions"."id" = "champion_selections"."champion_id" WHERE "champion_selections"."team_id" = ?[0m  [["team_id", 9]]
  [1m[35mChampion Load (0.1ms)[0m  SELECT "champions".* FROM "champions" INNER JOIN "champion_selections" ON "champions"."id" = "champion_selections"."champion_id" WHERE "champion_selections"."team_id" = ?  [["team_id", 10]]
  [1m[36mChampion Load (0.2ms)[0m  [1mSELECT "champions".* FROM "champions" INNER JOIN "champions_drafts" ON "champions"."id" = "champions_drafts"."champion_id" WHERE "champions_drafts"."draft_id" = ?[0m  [["draft_id", 5]]
  Rendered champions/_champion.html.erb (0.4ms)
  Rendered champions/_champion.html.erb (0.0ms)
  Rendered champions/_champion.html.erb (0.0ms)
  Rendered champions/_champion.html.erb (0.0ms)
  Rendered champions/_champion.html.erb (0.0ms)
  Rendered champions/_champion.html.erb (0.0ms)
  Rendered champions/_champion.html.erb (0.0ms)
  Rendered champions/_champion.html.erb (0.0ms)
  Rendered champions/_champion.html.erb (0.0ms)
  Rendered champions/_champion.html.erb (0.0ms)
  Rendered champions/_champion.html.erb (0.0ms)
  Rendered drafts/show.html.erb within layouts/application (38.7ms)
Completed 200 OK in 78ms (Views: 73.0ms | ActiveRecord: 1.5ms)


Started GET "/champions" for 127.0.0.1 at 2014-10-11 18:56:48 -0500
Processing by ChampionsController#index as HTML
  [1m[35mChampion Load (0.1ms)[0m  SELECT "champions".* FROM "champions"
  Rendered champions/_champion.html.erb (0.1ms)
  Rendered champions/_champion.html.erb (0.1ms)
  Rendered champions/_champion.html.erb (0.0ms)
  Rendered champions/_champion.html.erb (0.0ms)
  Rendered champions/_champion.html.erb (0.0ms)
  Rendered champions/_champion.html.erb (0.1ms)
  Rendered champions/_champion.html.erb (0.0ms)
  Rendered champions/_champion.html.erb (0.0ms)
  Rendered champions/_champion.html.erb (0.0ms)
  Rendered champions/_champion.html.erb (0.0ms)
  Rendered champions/_champion.html.erb (0.0ms)
  Rendered champions/index.html.erb within layouts/application (10.4ms)
Completed 200 OK in 17ms (Views: 15.8ms | ActiveRecord: 0.1ms)


Started GET "/drafts/new" for 127.0.0.1 at 2014-10-11 18:56:50 -0500
Processing by DraftsController#new as HTML
  [1m[36mDraft Load (0.2ms)[0m  [1mSELECT "drafts".* FROM "drafts"[0m
  [1m[35m (0.1ms)[0m  begin transaction
  [1m[36mSQL (0.3ms)[0m  [1mDELETE FROM "champions_drafts" WHERE "champions_drafts"."draft_id" = ?[0m  [["draft_id", 5]]
  [1m[35mSQL (0.1ms)[0m  DELETE FROM "drafts" WHERE "drafts"."id" = ?  [["id", 5]]
  [1m[36m (7.8ms)[0m  [1mcommit transaction[0m
  [1m[35mTeam Load (0.2ms)[0m  SELECT "teams".* FROM "teams"
  [1m[36m (0.1ms)[0m  [1mbegin transaction[0m
  [1m[35mSQL (0.3ms)[0m  DELETE FROM "teams" WHERE "teams"."id" = ?  [["id", 9]]
  [1m[36m (1.6ms)[0m  [1mcommit transaction[0m
  [1m[35m (0.1ms)[0m  begin transaction
  [1m[36mSQL (0.3ms)[0m  [1mDELETE FROM "teams" WHERE "teams"."id" = ?[0m  [["id", 10]]
  [1m[35m (0.7ms)[0m  commit transaction
  [1m[36mChampion Load (0.2ms)[0m  [1mSELECT "champions".* FROM "champions"[0m
  [1m[35m (0.1ms)[0m  begin transaction
  [1m[36mSQL (0.2ms)[0m  [1mINSERT INTO "drafts" DEFAULT VALUES[0m
  [1m[35mSQL (0.1ms)[0m  INSERT INTO "champions_drafts" ("champion_id", "draft_id") VALUES (?, ?)  [["champion_id", 1], ["draft_id", 6]]
  [1m[36mSQL (0.0ms)[0m  [1mINSERT INTO "champions_drafts" ("champion_id", "draft_id") VALUES (?, ?)[0m  [["champion_id", 2], ["draft_id", 6]]
  [1m[35mSQL (0.0ms)[0m  INSERT INTO "champions_drafts" ("champion_id", "draft_id") VALUES (?, ?)  [["champion_id", 3], ["draft_id", 6]]
  [1m[36mSQL (0.0ms)[0m  [1mINSERT INTO "champions_drafts" ("champion_id", "draft_id") VALUES (?, ?)[0m  [["champion_id", 4], ["draft_id", 6]]
  [1m[35mSQL (0.0ms)[0m  INSERT INTO "champions_drafts" ("champion_id", "draft_id") VALUES (?, ?)  [["champion_id", 5], ["draft_id", 6]]
  [1m[36mSQL (0.1ms)[0m  [1mINSERT INTO "champions_drafts" ("champion_id", "draft_id") VALUES (?, ?)[0m  [["champion_id", 6], ["draft_id", 6]]
  [1m[35mSQL (0.0ms)[0m  INSERT INTO "champions_drafts" ("champion_id", "draft_id") VALUES (?, ?)  [["champion_id", 7], ["draft_id", 6]]
  [1m[36mSQL (0.0ms)[0m  [1mINSERT INTO "champions_drafts" ("champion_id", "draft_id") VALUES (?, ?)[0m  [["champion_id", 8], ["draft_id", 6]]
  [1m[35mSQL (0.0ms)[0m  INSERT INTO "champions_drafts" ("champion_id", "draft_id") VALUES (?, ?)  [["champion_id", 9], ["draft_id", 6]]
  [1m[36mSQL (0.0ms)[0m  [1mINSERT INTO "champions_drafts" ("champion_id", "draft_id") VALUES (?, ?)[0m  [["champion_id", 10], ["draft_id", 6]]
  [1m[35mSQL (0.0ms)[0m  INSERT INTO "champions_drafts" ("champion_id", "draft_id") VALUES (?, ?)  [["champion_id", 11], ["draft_id", 6]]
  [1m[36mSQL (0.1ms)[0m  [1mINSERT INTO "teams" ("draft_id") VALUES (?)[0m  [["draft_id", 6]]
  [1m[35mSQL (0.0ms)[0m  INSERT INTO "teams" ("draft_id") VALUES (?)  [["draft_id", 6]]
  [1m[36m (0.9ms)[0m  [1mcommit transaction[0m
Redirected to http://localhost:3000/drafts/6
Completed 302 Found in 51ms (ActiveRecord: 13.6ms)


Started GET "/drafts/6" for 127.0.0.1 at 2014-10-11 18:56:50 -0500
Processing by DraftsController#show as HTML
  Parameters: {"id"=>"6"}
  [1m[35mDraft Load (0.1ms)[0m  SELECT  "drafts".* FROM "drafts"  WHERE "drafts"."id" = ? LIMIT 1  [["id", 6]]
  [1m[36mTeam Load (0.1ms)[0m  [1mSELECT  "teams".* FROM "teams"  WHERE "teams"."draft_id" = ?  ORDER BY "teams"."id" ASC LIMIT 1[0m  [["draft_id", 6]]
  [1m[35mCACHE (0.0ms)[0m  SELECT  "teams".* FROM "teams"  WHERE "teams"."draft_id" = ?  ORDER BY "teams"."id" ASC LIMIT 1  [["draft_id", 6]]
  [1m[36mChampion Load (0.1ms)[0m  [1mSELECT "champions".* FROM "champions" INNER JOIN "champion_selections" ON "champions"."id" = "champion_selections"."champion_id" WHERE "champion_selections"."team_id" = ? AND "champion_selections"."picked" = 'f'[0m  [["team_id", 11]]
  [1m[35mChampion Load (0.1ms)[0m  SELECT "champions".* FROM "champions" INNER JOIN "champion_selections" ON "champions"."id" = "champion_selections"."champion_id" WHERE "champion_selections"."team_id" = ? AND "champion_selections"."picked" = 't'  [["team_id", 11]]
  Rendered teams/_team.html.erb (1.8ms)
  [1m[36mTeam Load (0.1ms)[0m  [1mSELECT  "teams".* FROM "teams"  WHERE "teams"."draft_id" = ?  ORDER BY "teams"."id" DESC LIMIT 1[0m  [["draft_id", 6]]
  [1m[35mCACHE (0.0ms)[0m  SELECT  "teams".* FROM "teams"  WHERE "teams"."draft_id" = ?  ORDER BY "teams"."id" DESC LIMIT 1  [["draft_id", 6]]
  [1m[36mChampion Load (0.1ms)[0m  [1mSELECT "champions".* FROM "champions" INNER JOIN "champion_selections" ON "champions"."id" = "champion_selections"."champion_id" WHERE "champion_selections"."team_id" = ? AND "champion_selections"."picked" = 'f'[0m  [["team_id", 12]]
  [1m[35mChampion Load (0.1ms)[0m  SELECT "champions".* FROM "champions" INNER JOIN "champion_selections" ON "champions"."id" = "champion_selections"."champion_id" WHERE "champion_selections"."team_id" = ? AND "champion_selections"."picked" = 't'  [["team_id", 12]]
  Rendered teams/_team.html.erb (1.7ms)
  [1m[36mCACHE (0.0ms)[0m  [1mSELECT  "teams".* FROM "teams"  WHERE "teams"."draft_id" = ?  ORDER BY "teams"."id" ASC LIMIT 1[0m  [["draft_id", 6]]
  [1m[35mTeam Load (0.1ms)[0m  SELECT "teams".* FROM "teams"  WHERE "teams"."draft_id" = ?  [["draft_id", 6]]
  [1m[36mChampion Load (0.1ms)[0m  [1mSELECT "champions".* FROM "champions" INNER JOIN "champion_selections" ON "champions"."id" = "champion_selections"."champion_id" WHERE "champion_selections"."team_id" = ?[0m  [["team_id", 11]]
  [1m[35mCACHE (0.0ms)[0m  SELECT "champions".* FROM "champions" INNER JOIN "champion_selections" ON "champions"."id" = "champion_selections"."champion_id" WHERE "champion_selections"."team_id" = ?  [["team_id", 11]]
  [1m[36mChampion Load (0.1ms)[0m  [1mSELECT "champions".* FROM "champions" INNER JOIN "champion_selections" ON "champions"."id" = "champion_selections"."champion_id" WHERE "champion_selections"."team_id" = ?[0m  [["team_id", 12]]
  [1m[35mChampion Load (0.2ms)[0m  SELECT "champions".* FROM "champions" INNER JOIN "champions_drafts" ON "champions"."id" = "champions_drafts"."champion_id" WHERE "champions_drafts"."draft_id" = ?  [["draft_id", 6]]
  Rendered champions/_champion.html.erb (0.1ms)
  Rendered champions/_champion.html.erb (0.0ms)
  Rendered champions/_champion.html.erb (0.0ms)
  Rendered champions/_champion.html.erb (0.0ms)
  Rendered champions/_champion.html.erb (0.0ms)
  Rendered champions/_champion.html.erb (0.0ms)
  Rendered champions/_champion.html.erb (0.0ms)
  Rendered champions/_champion.html.erb (0.0ms)
  Rendered champions/_champion.html.erb (0.0ms)
  Rendered champions/_champion.html.erb (0.0ms)
  Rendered champions/_champion.html.erb (0.0ms)
  Rendered drafts/show.html.erb within layouts/application (24.7ms)
Completed 200 OK in 32ms (Views: 28.7ms | ActiveRecord: 0.9ms)
